  [1m[36m (0.9ms)[0m  [1mCREATE TABLE "schema_migrations" ("version" varchar NOT NULL) [0m
  [1m[35m (0.1ms)[0m  select sqlite_version(*)
  [1m[36m (0.7ms)[0m  [1mCREATE UNIQUE INDEX "unique_schema_migrations" ON "schema_migrations" ("version")[0m
  [1m[35mActiveRecord::SchemaMigration Load (0.1ms)[0m  SELECT "schema_migrations".* FROM "schema_migrations"
  [1m[36mActiveRecord::SchemaMigration Load (0.1ms)[0m  [1mSELECT "schema_migrations".* FROM "schema_migrations"[0m
  [1m[36mActiveRecord::SchemaMigration Load (0.1ms)[0m  [1mSELECT "schema_migrations".* FROM "schema_migrations"[0m
Migrating to CreatePosts (20140310213347)
  [1m[35m (0.1ms)[0m  begin transaction
  [1m[36m (0.4ms)[0m  [1mCREATE TABLE "posts" ("id" INTEGER PRIMARY KEY AUTOINCREMENT NOT NULL, "name" varchar, "created_at" datetime NOT NULL, "updated_at" datetime NOT NULL) [0m
  [1m[35mSQL (0.2ms)[0m  INSERT INTO "schema_migrations" ("version") VALUES (?)  [["version", "20140310213347"]]
  [1m[36m (2.0ms)[0m  [1mcommit transaction[0m
Migrating to AddContentToPosts (20150706214007)
  [1m[35m (0.1ms)[0m  begin transaction
  [1m[36m (0.4ms)[0m  [1mALTER TABLE "posts" ADD "content" text[0m
  [1m[35m (0.1ms)[0m  ALTER TABLE "posts" ADD "user_id" integer
  [1m[36mSQL (0.1ms)[0m  [1mINSERT INTO "schema_migrations" ("version") VALUES (?)[0m  [["version", "20150706214007"]]
  [1m[35m (0.7ms)[0m  commit transaction
Migrating to CreateUsers (20150706214256)
  [1m[36m (0.0ms)[0m  [1mbegin transaction[0m
  [1m[35m (0.3ms)[0m  CREATE TABLE "users" ("id" INTEGER PRIMARY KEY AUTOINCREMENT NOT NULL, "name" varchar, "created_at" datetime NOT NULL, "updated_at" datetime NOT NULL) 
  [1m[36mSQL (0.2ms)[0m  [1mINSERT INTO "schema_migrations" ("version") VALUES (?)[0m  [["version", "20150706214256"]]
  [1m[35m (0.9ms)[0m  commit transaction
Migrating to CreateTags (20150706214341)
  [1m[36m (0.1ms)[0m  [1mbegin transaction[0m
  [1m[35m (0.3ms)[0m  CREATE TABLE "tags" ("id" INTEGER PRIMARY KEY AUTOINCREMENT NOT NULL, "name" varchar, "created_at" datetime NOT NULL, "updated_at" datetime NOT NULL) 
  [1m[36mSQL (0.1ms)[0m  [1mINSERT INTO "schema_migrations" ("version") VALUES (?)[0m  [["version", "20150706214341"]]
  [1m[35m (0.7ms)[0m  commit transaction
Migrating to CreatePostTags (20150706214503)
  [1m[36m (0.0ms)[0m  [1mbegin transaction[0m
  [1m[35m (0.4ms)[0m  CREATE TABLE "post_tags" ("id" INTEGER PRIMARY KEY AUTOINCREMENT NOT NULL, "post_id" integer, "tag_id" integer, "created_at" datetime NOT NULL, "updated_at" datetime NOT NULL) 
  [1m[36mSQL (0.1ms)[0m  [1mINSERT INTO "schema_migrations" ("version") VALUES (?)[0m  [["version", "20150706214503"]]
  [1m[35m (0.7ms)[0m  commit transaction
  [1m[36mActiveRecord::SchemaMigration Load (0.1ms)[0m  [1mSELECT "schema_migrations".* FROM "schema_migrations"[0m
  [1m[36mActiveRecord::SchemaMigration Load (0.5ms)[0m  [1mSELECT "schema_migrations".* FROM "schema_migrations"[0m
  [1m[35m (0.1ms)[0m  begin transaction
  [1m[36mSQL (6.6ms)[0m  [1mINSERT INTO "tags" ("name", "created_at", "updated_at") VALUES (?, ?, ?)[0m  [["name", "adventurous"], ["created_at", "2015-07-06 22:02:25.285345"], ["updated_at", "2015-07-06 22:02:25.285345"]]
  [1m[35m (0.8ms)[0m  commit transaction
  [1m[36m (0.2ms)[0m  [1mbegin transaction[0m
  [1m[35mSQL (0.2ms)[0m  INSERT INTO "tags" ("name", "created_at", "updated_at") VALUES (?, ?, ?)  [["name", "aggressive"], ["created_at", "2015-07-06 22:02:25.297051"], ["updated_at", "2015-07-06 22:02:25.297051"]]
  [1m[36m (0.7ms)[0m  [1mcommit transaction[0m
  [1m[35m (0.0ms)[0m  begin transaction
  [1m[36mSQL (0.2ms)[0m  [1mINSERT INTO "tags" ("name", "created_at", "updated_at") VALUES (?, ?, ?)[0m  [["name", "agreeable"], ["created_at", "2015-07-06 22:02:25.299273"], ["updated_at", "2015-07-06 22:02:25.299273"]]
  [1m[35m (0.7ms)[0m  commit transaction
  [1m[36m (0.0ms)[0m  [1mbegin transaction[0m
  [1m[35mSQL (0.2ms)[0m  INSERT INTO "tags" ("name", "created_at", "updated_at") VALUES (?, ?, ?)  [["name", "alert"], ["created_at", "2015-07-06 22:02:25.301253"], ["updated_at", "2015-07-06 22:02:25.301253"]]
  [1m[36m (0.7ms)[0m  [1mcommit transaction[0m
  [1m[35m (0.1ms)[0m  begin transaction
  [1m[36mSQL (0.2ms)[0m  [1mINSERT INTO "tags" ("name", "created_at", "updated_at") VALUES (?, ?, ?)[0m  [["name", "alive"], ["created_at", "2015-07-06 22:02:25.303279"], ["updated_at", "2015-07-06 22:02:25.303279"]]
  [1m[35m (0.7ms)[0m  commit transaction
  [1m[36m (0.1ms)[0m  [1mbegin transaction[0m
  [1m[35mSQL (0.2ms)[0m  INSERT INTO "tags" ("name", "created_at", "updated_at") VALUES (?, ?, ?)  [["name", "amused"], ["created_at", "2015-07-06 22:02:25.305511"], ["updated_at", "2015-07-06 22:02:25.305511"]]
  [1m[36m (0.7ms)[0m  [1mcommit transaction[0m
  [1m[35m (0.0ms)[0m  begin transaction
  [1m[36mSQL (0.3ms)[0m  [1mINSERT INTO "tags" ("name", "created_at", "updated_at") VALUES (?, ?, ?)[0m  [["name", "angry"], ["created_at", "2015-07-06 22:02:25.307851"], ["updated_at", "2015-07-06 22:02:25.307851"]]
  [1m[35m (0.7ms)[0m  commit transaction
  [1m[36m (0.1ms)[0m  [1mbegin transaction[0m
  [1m[35mSQL (0.3ms)[0m  INSERT INTO "tags" ("name", "created_at", "updated_at") VALUES (?, ?, ?)  [["name", "annoyed"], ["created_at", "2015-07-06 22:02:25.310944"], ["updated_at", "2015-07-06 22:02:25.310944"]]
  [1m[36m (0.6ms)[0m  [1mcommit transaction[0m
  [1m[35m (0.1ms)[0m  begin transaction
  [1m[36mSQL (0.2ms)[0m  [1mINSERT INTO "tags" ("name", "created_at", "updated_at") VALUES (?, ?, ?)[0m  [["name", "annoying"], ["created_at", "2015-07-06 22:02:25.313315"], ["updated_at", "2015-07-06 22:02:25.313315"]]
  [1m[35m (0.7ms)[0m  commit transaction
  [1m[36m (0.1ms)[0m  [1mbegin transaction[0m
  [1m[35mSQL (0.2ms)[0m  INSERT INTO "tags" ("name", "created_at", "updated_at") VALUES (?, ?, ?)  [["name", "anxious"], ["created_at", "2015-07-06 22:02:25.315911"], ["updated_at", "2015-07-06 22:02:25.315911"]]
  [1m[36m (0.6ms)[0m  [1mcommit transaction[0m
  [1m[35m (0.1ms)[0m  begin transaction
  [1m[36mSQL (0.2ms)[0m  [1mINSERT INTO "tags" ("name", "created_at", "updated_at") VALUES (?, ?, ?)[0m  [["name", "arrogant"], ["created_at", "2015-07-06 22:02:25.318212"], ["updated_at", "2015-07-06 22:02:25.318212"]]
  [1m[35m (0.8ms)[0m  commit transaction
  [1m[36m (0.0ms)[0m  [1mbegin transaction[0m
  [1m[35mSQL (0.2ms)[0m  INSERT INTO "tags" ("name", "created_at", "updated_at") VALUES (?, ?, ?)  [["name", "ashamed"], ["created_at", "2015-07-06 22:02:25.320871"], ["updated_at", "2015-07-06 22:02:25.320871"]]
  [1m[36m (0.7ms)[0m  [1mcommit transaction[0m
  [1m[35m (0.1ms)[0m  begin transaction
  [1m[36mSQL (0.2ms)[0m  [1mINSERT INTO "tags" ("name", "created_at", "updated_at") VALUES (?, ?, ?)[0m  [["name", "attractive"], ["created_at", "2015-07-06 22:02:25.323421"], ["updated_at", "2015-07-06 22:02:25.323421"]]
  [1m[35m (0.6ms)[0m  commit transaction
  [1m[36m (0.1ms)[0m  [1mbegin transaction[0m
  [1m[35mSQL (0.2ms)[0m  INSERT INTO "tags" ("name", "created_at", "updated_at") VALUES (?, ?, ?)  [["name", "average"], ["created_at", "2015-07-06 22:02:25.326059"], ["updated_at", "2015-07-06 22:02:25.326059"]]
  [1m[36m (0.6ms)[0m  [1mcommit transaction[0m
  [1m[35m (0.1ms)[0m  begin transaction
  [1m[36mSQL (0.2ms)[0m  [1mINSERT INTO "tags" ("name", "created_at", "updated_at") VALUES (?, ?, ?)[0m  [["name", "awful"], ["created_at", "2015-07-06 22:02:25.328264"], ["updated_at", "2015-07-06 22:02:25.328264"]]
  [1m[35m (0.5ms)[0m  commit transaction
  [1m[36m (0.0ms)[0m  [1mbegin transaction[0m
  [1m[35mSQL (0.2ms)[0m  INSERT INTO "tags" ("name", "created_at", "updated_at") VALUES (?, ?, ?)  [["name", "bad"], ["created_at", "2015-07-06 22:02:25.330226"], ["updated_at", "2015-07-06 22:02:25.330226"]]
  [1m[36m (0.7ms)[0m  [1mcommit transaction[0m
  [1m[35m (0.1ms)[0m  begin transaction
  [1m[36mSQL (0.2ms)[0m  [1mINSERT INTO "tags" ("name", "created_at", "updated_at") VALUES (?, ?, ?)[0m  [["name", "beautiful"], ["created_at", "2015-07-06 22:02:25.332422"], ["updated_at", "2015-07-06 22:02:25.332422"]]
  [1m[35m (0.7ms)[0m  commit transaction
  [1m[36m (0.0ms)[0m  [1mbegin transaction[0m
  [1m[35mSQL (0.2ms)[0m  INSERT INTO "tags" ("name", "created_at", "updated_at") VALUES (?, ?, ?)  [["name", "better"], ["created_at", "2015-07-06 22:02:25.334550"], ["updated_at", "2015-07-06 22:02:25.334550"]]
  [1m[36m (0.6ms)[0m  [1mcommit transaction[0m
  [1m[35m (0.0ms)[0m  begin transaction
  [1m[36mSQL (0.2ms)[0m  [1mINSERT INTO "tags" ("name", "created_at", "updated_at") VALUES (?, ?, ?)[0m  [["name", "bewildered"], ["created_at", "2015-07-06 22:02:25.336505"], ["updated_at", "2015-07-06 22:02:25.336505"]]
  [1m[35m (0.6ms)[0m  commit transaction
  [1m[36m (0.0ms)[0m  [1mbegin transaction[0m
  [1m[35mSQL (0.2ms)[0m  INSERT INTO "tags" ("name", "created_at", "updated_at") VALUES (?, ?, ?)  [["name", "black"], ["created_at", "2015-07-06 22:02:25.338479"], ["updated_at", "2015-07-06 22:02:25.338479"]]
  [1m[36m (0.6ms)[0m  [1mcommit transaction[0m
  [1m[35m (0.0ms)[0m  begin transaction
  [1m[36mSQL (0.2ms)[0m  [1mINSERT INTO "tags" ("name", "created_at", "updated_at") VALUES (?, ?, ?)[0m  [["name", "bloody"], ["created_at", "2015-07-06 22:02:25.340443"], ["updated_at", "2015-07-06 22:02:25.340443"]]
  [1m[35m (0.7ms)[0m  commit transaction
  [1m[36m (0.0ms)[0m  [1mbegin transaction[0m
  [1m[35mSQL (0.2ms)[0m  INSERT INTO "tags" ("name", "created_at", "updated_at") VALUES (?, ?, ?)  [["name", "blue"], ["created_at", "2015-07-06 22:02:25.342572"], ["updated_at", "2015-07-06 22:02:25.342572"]]
  [1m[36m (0.7ms)[0m  [1mcommit transaction[0m
  [1m[35m (0.0ms)[0m  begin transaction
  [1m[36mSQL (0.2ms)[0m  [1mINSERT INTO "tags" ("name", "created_at", "updated_at") VALUES (?, ?, ?)[0m  [["name", "blue-eyed"], ["created_at", "2015-07-06 22:02:25.344707"], ["updated_at", "2015-07-06 22:02:25.344707"]]
  [1m[35m (0.6ms)[0m  commit transaction
  [1m[36m (0.0ms)[0m  [1mbegin transaction[0m
  [1m[35mSQL (0.2ms)[0m  INSERT INTO "tags" ("name", "created_at", "updated_at") VALUES (?, ?, ?)  [["name", "blushing"], ["created_at", "2015-07-06 22:02:25.346838"], ["updated_at", "2015-07-06 22:02:25.346838"]]
  [1m[36m (0.7ms)[0m  [1mcommit transaction[0m
  [1m[35m (0.0ms)[0m  begin transaction
  [1m[36mSQL (0.2ms)[0m  [1mINSERT INTO "tags" ("name", "created_at", "updated_at") VALUES (?, ?, ?)[0m  [["name", "bored"], ["created_at", "2015-07-06 22:02:25.348820"], ["updated_at", "2015-07-06 22:02:25.348820"]]
  [1m[35m (0.8ms)[0m  commit transaction
  [1m[36m (0.0ms)[0m  [1mbegin transaction[0m
  [1m[35mSQL (0.2ms)[0m  INSERT INTO "tags" ("name", "created_at", "updated_at") VALUES (?, ?, ?)  [["name", "brainy"], ["created_at", "2015-07-06 22:02:25.351162"], ["updated_at", "2015-07-06 22:02:25.351162"]]
  [1m[36m (0.7ms)[0m  [1mcommit transaction[0m
  [1m[35m (0.0ms)[0m  begin transaction
  [1m[36mSQL (0.2ms)[0m  [1mINSERT INTO "tags" ("name", "created_at", "updated_at") VALUES (?, ?, ?)[0m  [["name", "brave"], ["created_at", "2015-07-06 22:02:25.353192"], ["updated_at", "2015-07-06 22:02:25.353192"]]
  [1m[35m (0.7ms)[0m  commit transaction
  [1m[36m (0.0ms)[0m  [1mbegin transaction[0m
  [1m[35mSQL (0.2ms)[0m  INSERT INTO "tags" ("name", "created_at", "updated_at") VALUES (?, ?, ?)  [["name", "breakable"], ["created_at", "2015-07-06 22:02:25.355201"], ["updated_at", "2015-07-06 22:02:25.355201"]]
  [1m[36m (0.7ms)[0m  [1mcommit transaction[0m
  [1m[35m (0.0ms)[0m  begin transaction
  [1m[36mSQL (0.2ms)[0m  [1mINSERT INTO "tags" ("name", "created_at", "updated_at") VALUES (?, ?, ?)[0m  [["name", "bright"], ["created_at", "2015-07-06 22:02:25.357426"], ["updated_at", "2015-07-06 22:02:25.357426"]]
  [1m[35m (0.6ms)[0m  commit transaction
  [1m[36m (0.1ms)[0m  [1mbegin transaction[0m
  [1m[35mSQL (0.2ms)[0m  INSERT INTO "tags" ("name", "created_at", "updated_at") VALUES (?, ?, ?)  [["name", "busy"], ["created_at", "2015-07-06 22:02:25.359520"], ["updated_at", "2015-07-06 22:02:25.359520"]]
  [1m[36m (0.7ms)[0m  [1mcommit transaction[0m
  [1m[35m (0.1ms)[0m  begin transaction
  [1m[36mSQL (0.2ms)[0m  [1mINSERT INTO "tags" ("name", "created_at", "updated_at") VALUES (?, ?, ?)[0m  [["name", "calm"], ["created_at", "2015-07-06 22:02:25.361513"], ["updated_at", "2015-07-06 22:02:25.361513"]]
  [1m[35m (0.6ms)[0m  commit transaction
  [1m[36m (0.0ms)[0m  [1mbegin transaction[0m
  [1m[35mSQL (0.2ms)[0m  INSERT INTO "tags" ("name", "created_at", "updated_at") VALUES (?, ?, ?)  [["name", "careful"], ["created_at", "2015-07-06 22:02:25.363451"], ["updated_at", "2015-07-06 22:02:25.363451"]]
  [1m[36m (0.6ms)[0m  [1mcommit transaction[0m
  [1m[35m (0.0ms)[0m  begin transaction
  [1m[36mSQL (0.2ms)[0m  [1mINSERT INTO "tags" ("name", "created_at", "updated_at") VALUES (?, ?, ?)[0m  [["name", "cautious"], ["created_at", "2015-07-06 22:02:25.365327"], ["updated_at", "2015-07-06 22:02:25.365327"]]
  [1m[35m (0.6ms)[0m  commit transaction
  [1m[36m (0.0ms)[0m  [1mbegin transaction[0m
  [1m[35mSQL (0.2ms)[0m  INSERT INTO "tags" ("name", "created_at", "updated_at") VALUES (?, ?, ?)  [["name", "charming"], ["created_at", "2015-07-06 22:02:25.367176"], ["updated_at", "2015-07-06 22:02:25.367176"]]
  [1m[36m (0.8ms)[0m  [1mcommit transaction[0m
  [1m[35m (0.0ms)[0m  begin transaction
  [1m[36mSQL (0.2ms)[0m  [1mINSERT INTO "tags" ("name", "created_at", "updated_at") VALUES (?, ?, ?)[0m  [["name", "cheerful"], ["created_at", "2015-07-06 22:02:25.369451"], ["updated_at", "2015-07-06 22:02:25.369451"]]
  [1m[35m (0.7ms)[0m  commit transaction
  [1m[36m (0.0ms)[0m  [1mbegin transaction[0m
  [1m[35mSQL (0.3ms)[0m  INSERT INTO "tags" ("name", "created_at", "updated_at") VALUES (?, ?, ?)  [["name", "clean"], ["created_at", "2015-07-06 22:02:25.371593"], ["updated_at", "2015-07-06 22:02:25.371593"]]
  [1m[36m (0.6ms)[0m  [1mcommit transaction[0m
  [1m[35m (0.0ms)[0m  begin transaction
  [1m[36mSQL (0.2ms)[0m  [1mINSERT INTO "tags" ("name", "created_at", "updated_at") VALUES (?, ?, ?)[0m  [["name", "clear"], ["created_at", "2015-07-06 22:02:25.373894"], ["updated_at", "2015-07-06 22:02:25.373894"]]
  [1m[35m (0.6ms)[0m  commit transaction
  [1m[36m (0.0ms)[0m  [1mbegin transaction[0m
  [1m[35mSQL (0.2ms)[0m  INSERT INTO "tags" ("name", "created_at", "updated_at") VALUES (?, ?, ?)  [["name", "clever"], ["created_at", "2015-07-06 22:02:25.375725"], ["updated_at", "2015-07-06 22:02:25.375725"]]
  [1m[36m (0.6ms)[0m  [1mcommit transaction[0m
  [1m[35m (0.0ms)[0m  begin transaction
  [1m[36mSQL (0.2ms)[0m  [1mINSERT INTO "tags" ("name", "created_at", "updated_at") VALUES (?, ?, ?)[0m  [["name", "cloudy"], ["created_at", "2015-07-06 22:02:25.377517"], ["updated_at", "2015-07-06 22:02:25.377517"]]
  [1m[35m (0.6ms)[0m  commit transaction
  [1m[36m (0.1ms)[0m  [1mbegin transaction[0m
  [1m[35mSQL (0.2ms)[0m  INSERT INTO "tags" ("name", "created_at", "updated_at") VALUES (?, ?, ?)  [["name", "clumsy"], ["created_at", "2015-07-06 22:02:25.379483"], ["updated_at", "2015-07-06 22:02:25.379483"]]
  [1m[36m (0.8ms)[0m  [1mcommit transaction[0m
  [1m[35m (0.0ms)[0m  begin transaction
  [1m[36mSQL (0.2ms)[0m  [1mINSERT INTO "tags" ("name", "created_at", "updated_at") VALUES (?, ?, ?)[0m  [["name", "colorful"], ["created_at", "2015-07-06 22:02:25.381592"], ["updated_at", "2015-07-06 22:02:25.381592"]]
  [1m[35m (0.7ms)[0m  commit transaction
  [1m[36m (0.0ms)[0m  [1mbegin transaction[0m
  [1m[35mSQL (0.2ms)[0m  INSERT INTO "tags" ("name", "created_at", "updated_at") VALUES (?, ?, ?)  [["name", "combative"], ["created_at", "2015-07-06 22:02:25.383613"], ["updated_at", "2015-07-06 22:02:25.383613"]]
  [1m[36m (0.6ms)[0m  [1mcommit transaction[0m
  [1m[35m (0.0ms)[0m  begin transaction
  [1m[36mSQL (0.2ms)[0m  [1mINSERT INTO "tags" ("name", "created_at", "updated_at") VALUES (?, ?, ?)[0m  [["name", "comfortable"], ["created_at", "2015-07-06 22:02:25.385764"], ["updated_at", "2015-07-06 22:02:25.385764"]]
  [1m[35m (0.7ms)[0m  commit transaction
  [1m[36m (0.0ms)[0m  [1mbegin transaction[0m
  [1m[35mSQL (0.2ms)[0m  INSERT INTO "tags" ("name", "created_at", "updated_at") VALUES (?, ?, ?)  [["name", "concerned"], ["created_at", "2015-07-06 22:02:25.387856"], ["updated_at", "2015-07-06 22:02:25.387856"]]
  [1m[36m (0.5ms)[0m  [1mcommit transaction[0m
  [1m[35m (0.2ms)[0m  begin transaction
  [1m[36mSQL (0.2ms)[0m  [1mINSERT INTO "tags" ("name", "created_at", "updated_at") VALUES (?, ?, ?)[0m  [["name", "condemned"], ["created_at", "2015-07-06 22:02:25.389918"], ["updated_at", "2015-07-06 22:02:25.389918"]]
  [1m[35m (0.7ms)[0m  commit transaction
  [1m[36m (0.0ms)[0m  [1mbegin transaction[0m
  [1m[35mSQL (0.2ms)[0m  INSERT INTO "tags" ("name", "created_at", "updated_at") VALUES (?, ?, ?)  [["name", "confused"], ["created_at", "2015-07-06 22:02:25.392042"], ["updated_at", "2015-07-06 22:02:25.392042"]]
  [1m[36m (0.6ms)[0m  [1mcommit transaction[0m
  [1m[35m (0.0ms)[0m  begin transaction
  [1m[36mSQL (0.2ms)[0m  [1mINSERT INTO "tags" ("name", "created_at", "updated_at") VALUES (?, ?, ?)[0m  [["name", "cooperative"], ["created_at", "2015-07-06 22:02:25.394082"], ["updated_at", "2015-07-06 22:02:25.394082"]]
  [1m[35m (1.0ms)[0m  commit transaction
  [1m[36m (0.1ms)[0m  [1mbegin transaction[0m
  [1m[35mSQL (0.3ms)[0m  INSERT INTO "tags" ("name", "created_at", "updated_at") VALUES (?, ?, ?)  [["name", "courageous"], ["created_at", "2015-07-06 22:02:25.396644"], ["updated_at", "2015-07-06 22:02:25.396644"]]
  [1m[36m (0.8ms)[0m  [1mcommit transaction[0m
  [1m[35m (0.1ms)[0m  begin transaction
  [1m[36mSQL (0.2ms)[0m  [1mINSERT INTO "tags" ("name", "created_at", "updated_at") VALUES (?, ?, ?)[0m  [["name", "crazy"], ["created_at", "2015-07-06 22:02:25.399162"], ["updated_at", "2015-07-06 22:02:25.399162"]]
  [1m[35m (0.7ms)[0m  commit transaction
  [1m[36m (0.0ms)[0m  [1mbegin transaction[0m
  [1m[35mSQL (0.2ms)[0m  INSERT INTO "tags" ("name", "created_at", "updated_at") VALUES (?, ?, ?)  [["name", "creepy"], ["created_at", "2015-07-06 22:02:25.401440"], ["updated_at", "2015-07-06 22:02:25.401440"]]
  [1m[36m (0.7ms)[0m  [1mcommit transaction[0m
  [1m[35m (0.0ms)[0m  begin transaction
  [1m[36mSQL (0.2ms)[0m  [1mINSERT INTO "tags" ("name", "created_at", "updated_at") VALUES (?, ?, ?)[0m  [["name", "crowded"], ["created_at", "2015-07-06 22:02:25.403499"], ["updated_at", "2015-07-06 22:02:25.403499"]]
  [1m[35m (0.6ms)[0m  commit transaction
  [1m[36m (0.0ms)[0m  [1mbegin transaction[0m
  [1m[35mSQL (0.2ms)[0m  INSERT INTO "tags" ("name", "created_at", "updated_at") VALUES (?, ?, ?)  [["name", "cruel"], ["created_at", "2015-07-06 22:02:25.405366"], ["updated_at", "2015-07-06 22:02:25.405366"]]
  [1m[36m (0.8ms)[0m  [1mcommit transaction[0m
  [1m[35m (0.1ms)[0m  begin transaction
  [1m[36mSQL (0.2ms)[0m  [1mINSERT INTO "tags" ("name", "created_at", "updated_at") VALUES (?, ?, ?)[0m  [["name", "curious"], ["created_at", "2015-07-06 22:02:25.407695"], ["updated_at", "2015-07-06 22:02:25.407695"]]
  [1m[35m (0.7ms)[0m  commit transaction
  [1m[36m (0.0ms)[0m  [1mbegin transaction[0m
  [1m[35mSQL (0.3ms)[0m  INSERT INTO "tags" ("name", "created_at", "updated_at") VALUES (?, ?, ?)  [["name", "cute"], ["created_at", "2015-07-06 22:02:25.409859"], ["updated_at", "2015-07-06 22:02:25.409859"]]
  [1m[36m (0.6ms)[0m  [1mcommit transaction[0m
  [1m[35m (0.0ms)[0m  begin transaction
  [1m[36mSQL (0.2ms)[0m  [1mINSERT INTO "tags" ("name", "created_at", "updated_at") VALUES (?, ?, ?)[0m  [["name", "dangerous"], ["created_at", "2015-07-06 22:02:25.412055"], ["updated_at", "2015-07-06 22:02:25.412055"]]
  [1m[35m (0.8ms)[0m  commit transaction
  [1m[36m (0.0ms)[0m  [1mbegin transaction[0m
  [1m[35mSQL (0.2ms)[0m  INSERT INTO "tags" ("name", "created_at", "updated_at") VALUES (?, ?, ?)  [["name", "dark"], ["created_at", "2015-07-06 22:02:25.414302"], ["updated_at", "2015-07-06 22:02:25.414302"]]
  [1m[36m (0.6ms)[0m  [1mcommit transaction[0m
  [1m[35m (0.1ms)[0m  begin transaction
  [1m[36mSQL (0.2ms)[0m  [1mINSERT INTO "tags" ("name", "created_at", "updated_at") VALUES (?, ?, ?)[0m  [["name", "dead"], ["created_at", "2015-07-06 22:02:25.416523"], ["updated_at", "2015-07-06 22:02:25.416523"]]
  [1m[35m (0.7ms)[0m  commit transaction
  [1m[36m (0.0ms)[0m  [1mbegin transaction[0m
  [1m[35mSQL (0.2ms)[0m  INSERT INTO "tags" ("name", "created_at", "updated_at") VALUES (?, ?, ?)  [["name", "defeated"], ["created_at", "2015-07-06 22:02:25.418525"], ["updated_at", "2015-07-06 22:02:25.418525"]]
  [1m[36m (0.7ms)[0m  [1mcommit transaction[0m
  [1m[35m (0.0ms)[0m  begin transaction
  [1m[36mSQL (0.2ms)[0m  [1mINSERT INTO "tags" ("name", "created_at", "updated_at") VALUES (?, ?, ?)[0m  [["name", "defiant"], ["created_at", "2015-07-06 22:02:25.420705"], ["updated_at", "2015-07-06 22:02:25.420705"]]
  [1m[35m (0.7ms)[0m  commit transaction
  [1m[36m (0.0ms)[0m  [1mbegin transaction[0m
  [1m[35mSQL (0.2ms)[0m  INSERT INTO "tags" ("name", "created_at", "updated_at") VALUES (?, ?, ?)  [["name", "delightful"], ["created_at", "2015-07-06 22:02:25.422663"], ["updated_at", "2015-07-06 22:02:25.422663"]]
  [1m[36m (0.6ms)[0m  [1mcommit transaction[0m
  [1m[35m (0.0ms)[0m  begin transaction
  [1m[36mSQL (0.2ms)[0m  [1mINSERT INTO "tags" ("name", "created_at", "updated_at") VALUES (?, ?, ?)[0m  [["name", "depressed"], ["created_at", "2015-07-06 22:02:25.424658"], ["updated_at", "2015-07-06 22:02:25.424658"]]
  [1m[35m (0.7ms)[0m  commit transaction
  [1m[36m (0.0ms)[0m  [1mbegin transaction[0m
  [1m[35mSQL (0.2ms)[0m  INSERT INTO "tags" ("name", "created_at", "updated_at") VALUES (?, ?, ?)  [["name", "determined"], ["created_at", "2015-07-06 22:02:25.426872"], ["updated_at", "2015-07-06 22:02:25.426872"]]
  [1m[36m (0.7ms)[0m  [1mcommit transaction[0m
  [1m[35m (0.0ms)[0m  begin transaction
  [1m[36mSQL (0.2ms)[0m  [1mINSERT INTO "tags" ("name", "created_at", "updated_at") VALUES (?, ?, ?)[0m  [["name", "different"], ["created_at", "2015-07-06 22:02:25.428874"], ["updated_at", "2015-07-06 22:02:25.428874"]]
  [1m[35m (0.8ms)[0m  commit transaction
  [1m[36m (0.0ms)[0m  [1mbegin transaction[0m
  [1m[35mSQL (0.2ms)[0m  INSERT INTO "tags" ("name", "created_at", "updated_at") VALUES (?, ?, ?)  [["name", "difficult"], ["created_at", "2015-07-06 22:02:25.431081"], ["updated_at", "2015-07-06 22:02:25.431081"]]
  [1m[36m (0.7ms)[0m  [1mcommit transaction[0m
  [1m[35m (0.0ms)[0m  begin transaction
  [1m[36mSQL (0.2ms)[0m  [1mINSERT INTO "tags" ("name", "created_at", "updated_at") VALUES (?, ?, ?)[0m  [["name", "disgusted"], ["created_at", "2015-07-06 22:02:25.433068"], ["updated_at", "2015-07-06 22:02:25.433068"]]
  [1m[35m (0.7ms)[0m  commit transaction
  [1m[36m (0.1ms)[0m  [1mbegin transaction[0m
  [1m[35mSQL (0.2ms)[0m  INSERT INTO "tags" ("name", "created_at", "updated_at") VALUES (?, ?, ?)  [["name", "distinct"], ["created_at", "2015-07-06 22:02:25.435033"], ["updated_at", "2015-07-06 22:02:25.435033"]]
  [1m[36m (0.7ms)[0m  [1mcommit transaction[0m
  [1m[35m (0.0ms)[0m  begin transaction
  [1m[36mSQL (0.2ms)[0m  [1mINSERT INTO "tags" ("name", "created_at", "updated_at") VALUES (?, ?, ?)[0m  [["name", "disturbed"], ["created_at", "2015-07-06 22:02:25.437123"], ["updated_at", "2015-07-06 22:02:25.437123"]]
  [1m[35m (0.7ms)[0m  commit transaction
  [1m[36m (0.0ms)[0m  [1mbegin transaction[0m
  [1m[35mSQL (0.2ms)[0m  INSERT INTO "tags" ("name", "created_at", "updated_at") VALUES (?, ?, ?)  [["name", "dizzy"], ["created_at", "2015-07-06 22:02:25.439235"], ["updated_at", "2015-07-06 22:02:25.439235"]]
  [1m[36m (0.7ms)[0m  [1mcommit transaction[0m
  [1m[35m (0.0ms)[0m  begin transaction
  [1m[36mSQL (0.3ms)[0m  [1mINSERT INTO "tags" ("name", "created_at", "updated_at") VALUES (?, ?, ?)[0m  [["name", "doubtful"], ["created_at", "2015-07-06 22:02:25.441350"], ["updated_at", "2015-07-06 22:02:25.441350"]]
  [1m[35m (0.7ms)[0m  commit transaction
  [1m[36m (0.0ms)[0m  [1mbegin transaction[0m
  [1m[35mSQL (0.2ms)[0m  INSERT INTO "tags" ("name", "created_at", "updated_at") VALUES (?, ?, ?)  [["name", "drab"], ["created_at", "2015-07-06 22:02:25.443471"], ["updated_at", "2015-07-06 22:02:25.443471"]]
  [1m[36m (0.6ms)[0m  [1mcommit transaction[0m
  [1m[35m (0.0ms)[0m  begin transaction
  [1m[36mSQL (0.2ms)[0m  [1mINSERT INTO "tags" ("name", "created_at", "updated_at") VALUES (?, ?, ?)[0m  [["name", "dull"], ["created_at", "2015-07-06 22:02:25.445324"], ["updated_at", "2015-07-06 22:02:25.445324"]]
  [1m[35m (0.7ms)[0m  commit transaction
  [1m[36m (0.0ms)[0m  [1mbegin transaction[0m
  [1m[35mSQL (0.2ms)[0m  INSERT INTO "tags" ("name", "created_at", "updated_at") VALUES (?, ?, ?)  [["name", "eager"], ["created_at", "2015-07-06 22:02:25.447347"], ["updated_at", "2015-07-06 22:02:25.447347"]]
  [1m[36m (0.7ms)[0m  [1mcommit transaction[0m
  [1m[35m (0.0ms)[0m  begin transaction
  [1m[36mSQL (0.2ms)[0m  [1mINSERT INTO "tags" ("name", "created_at", "updated_at") VALUES (?, ?, ?)[0m  [["name", "easy"], ["created_at", "2015-07-06 22:02:25.449650"], ["updated_at", "2015-07-06 22:02:25.449650"]]
  [1m[35m (0.8ms)[0m  commit transaction
  [1m[36m (0.0ms)[0m  [1mbegin transaction[0m
  [1m[35mSQL (0.2ms)[0m  INSERT INTO "tags" ("name", "created_at", "updated_at") VALUES (?, ?, ?)  [["name", "elated"], ["created_at", "2015-07-06 22:02:25.451750"], ["updated_at", "2015-07-06 22:02:25.451750"]]
  [1m[36m (0.6ms)[0m  [1mcommit transaction[0m
  [1m[35m (0.0ms)[0m  begin transaction
  [1m[36mSQL (0.2ms)[0m  [1mINSERT INTO "tags" ("name", "created_at", "updated_at") VALUES (?, ?, ?)[0m  [["name", "elegant"], ["created_at", "2015-07-06 22:02:25.453780"], ["updated_at", "2015-07-06 22:02:25.453780"]]
  [1m[35m (0.6ms)[0m  commit transaction
  [1m[36m (0.0ms)[0m  [1mbegin transaction[0m
  [1m[35mSQL (0.2ms)[0m  INSERT INTO "tags" ("name", "created_at", "updated_at") VALUES (?, ?, ?)  [["name", "embarrassed"], ["created_at", "2015-07-06 22:02:25.455745"], ["updated_at", "2015-07-06 22:02:25.455745"]]
  [1m[36m (0.6ms)[0m  [1mcommit transaction[0m
  [1m[35m (0.0ms)[0m  begin transaction
  [1m[36mSQL (0.2ms)[0m  [1mINSERT INTO "tags" ("name", "created_at", "updated_at") VALUES (?, ?, ?)[0m  [["name", "enchanting"], ["created_at", "2015-07-06 22:02:25.457757"], ["updated_at", "2015-07-06 22:02:25.457757"]]
  [1m[35m (0.7ms)[0m  commit transaction
  [1m[36m (0.1ms)[0m  [1mbegin transaction[0m
  [1m[35mSQL (0.2ms)[0m  INSERT INTO "tags" ("name", "created_at", "updated_at") VALUES (?, ?, ?)  [["name", "encouraging"], ["created_at", "2015-07-06 22:02:25.459828"], ["updated_at", "2015-07-06 22:02:25.459828"]]
  [1m[36m (0.6ms)[0m  [1mcommit transaction[0m
  [1m[35m (0.0ms)[0m  begin transaction
  [1m[36mSQL (0.2ms)[0m  [1mINSERT INTO "tags" ("name", "created_at", "updated_at") VALUES (?, ?, ?)[0m  [["name", "energetic"], ["created_at", "2015-07-06 22:02:25.461714"], ["updated_at", "2015-07-06 22:02:25.461714"]]
  [1m[35m (0.6ms)[0m  commit transaction
  [1m[36m (0.0ms)[0m  [1mbegin transaction[0m
  [1m[35mSQL (0.2ms)[0m  INSERT INTO "tags" ("name", "created_at", "updated_at") VALUES (?, ?, ?)  [["name", "enthusiastic"], ["created_at", "2015-07-06 22:02:25.463548"], ["updated_at", "2015-07-06 22:02:25.463548"]]
  [1m[36m (0.6ms)[0m  [1mcommit transaction[0m
  [1m[35m (0.0ms)[0m  begin transaction
  [1m[36mSQL (0.2ms)[0m  [1mINSERT INTO "tags" ("name", "created_at", "updated_at") VALUES (?, ?, ?)[0m  [["name", "envious"], ["created_at", "2015-07-06 22:02:25.465453"], ["updated_at", "2015-07-06 22:02:25.465453"]]
  [1m[35m (0.7ms)[0m  commit transaction
  [1m[36m (0.0ms)[0m  [1mbegin transaction[0m
  [1m[35mSQL (0.2ms)[0m  INSERT INTO "tags" ("name", "created_at", "updated_at") VALUES (?, ?, ?)  [["name", "evil"], ["created_at", "2015-07-06 22:02:25.467546"], ["updated_at", "2015-07-06 22:02:25.467546"]]
  [1m[36m (0.7ms)[0m  [1mcommit transaction[0m
  [1m[35m (0.0ms)[0m  begin transaction
  [1m[36mSQL (0.2ms)[0m  [1mINSERT INTO "tags" ("name", "created_at", "updated_at") VALUES (?, ?, ?)[0m  [["name", "excited"], ["created_at", "2015-07-06 22:02:25.469633"], ["updated_at", "2015-07-06 22:02:25.469633"]]
  [1m[35m (0.7ms)[0m  commit transaction
  [1m[36m (0.0ms)[0m  [1mbegin transaction[0m
  [1m[35mSQL (0.2ms)[0m  INSERT INTO "tags" ("name", "created_at", "updated_at") VALUES (?, ?, ?)  [["name", "expensive"], ["created_at", "2015-07-06 22:02:25.471628"], ["updated_at", "2015-07-06 22:02:25.471628"]]
  [1m[36m (0.6ms)[0m  [1mcommit transaction[0m
  [1m[35m (0.0ms)[0m  begin transaction
  [1m[36mSQL (0.2ms)[0m  [1mINSERT INTO "tags" ("name", "created_at", "updated_at") VALUES (?, ?, ?)[0m  [["name", "exuberant"], ["created_at", "2015-07-06 22:02:25.473592"], ["updated_at", "2015-07-06 22:02:25.473592"]]
  [1m[35m (0.6ms)[0m  commit transaction
  [1m[36m (0.0ms)[0m  [1mbegin transaction[0m
  [1m[35mSQL (0.2ms)[0m  INSERT INTO "tags" ("name", "created_at", "updated_at") VALUES (?, ?, ?)  [["name", "fair"], ["created_at", "2015-07-06 22:02:25.475547"], ["updated_at", "2015-07-06 22:02:25.475547"]]
  [1m[36m (0.6ms)[0m  [1mcommit transaction[0m
  [1m[35m (0.0ms)[0m  begin transaction
  [1m[36mSQL (0.2ms)[0m  [1mINSERT INTO "tags" ("name", "created_at", "updated_at") VALUES (?, ?, ?)[0m  [["name", "faithful"], ["created_at", "2015-07-06 22:02:25.477489"], ["updated_at", "2015-07-06 22:02:25.477489"]]
  [1m[35m (0.7ms)[0m  commit transaction
  [1m[36m (0.0ms)[0m  [1mbegin transaction[0m
  [1m[35mSQL (0.2ms)[0m  INSERT INTO "tags" ("name", "created_at", "updated_at") VALUES (?, ?, ?)  [["name", "famous"], ["created_at", "2015-07-06 22:02:25.479605"], ["updated_at", "2015-07-06 22:02:25.479605"]]
  [1m[36m (0.5ms)[0m  [1mcommit transaction[0m
  [1m[35m (0.0ms)[0m  begin transaction
  [1m[36mSQL (0.2ms)[0m  [1mINSERT INTO "tags" ("name", "created_at", "updated_at") VALUES (?, ?, ?)[0m  [["name", "fancy"], ["created_at", "2015-07-06 22:02:25.481434"], ["updated_at", "2015-07-06 22:02:25.481434"]]
  [1m[35m (0.7ms)[0m  commit transaction
  [1m[36m (0.0ms)[0m  [1mbegin transaction[0m
  [1m[35mSQL (0.2ms)[0m  INSERT INTO "tags" ("name", "created_at", "updated_at") VALUES (?, ?, ?)  [["name", "fantastic"], ["created_at", "2015-07-06 22:02:25.483437"], ["updated_at", "2015-07-06 22:02:25.483437"]]
  [1m[36m (0.6ms)[0m  [1mcommit transaction[0m
  [1m[35m (0.0ms)[0m  begin transaction
  [1m[36mSQL (0.2ms)[0m  [1mINSERT INTO "tags" ("name", "created_at", "updated_at") VALUES (?, ?, ?)[0m  [["name", "fierce"], ["created_at", "2015-07-06 22:02:25.485389"], ["updated_at", "2015-07-06 22:02:25.485389"]]
  [1m[35m (0.6ms)[0m  commit transaction
  [1m[36m (0.0ms)[0m  [1mbegin transaction[0m
  [1m[35mSQL (0.2ms)[0m  INSERT INTO "tags" ("name", "created_at", "updated_at") VALUES (?, ?, ?)  [["name", "filthy"], ["created_at", "2015-07-06 22:02:25.487259"], ["updated_at", "2015-07-06 22:02:25.487259"]]
  [1m[36m (0.9ms)[0m  [1mcommit transaction[0m
  [1m[35m (0.1ms)[0m  begin transaction
  [1m[36mSQL (0.2ms)[0m  [1mINSERT INTO "tags" ("name", "created_at", "updated_at") VALUES (?, ?, ?)[0m  [["name", "fine"], ["created_at", "2015-07-06 22:02:25.489745"], ["updated_at", "2015-07-06 22:02:25.489745"]]
  [1m[35m (0.6ms)[0m  commit transaction
  [1m[36m (0.0ms)[0m  [1mbegin transaction[0m
  [1m[35mSQL (0.2ms)[0m  INSERT INTO "tags" ("name", "created_at", "updated_at") VALUES (?, ?, ?)  [["name", "foolish"], ["created_at", "2015-07-06 22:02:25.491734"], ["updated_at", "2015-07-06 22:02:25.491734"]]
  [1m[36m (0.6ms)[0m  [1mcommit transaction[0m
  [1m[35m (0.0ms)[0m  begin transaction
  [1m[36mSQL (0.2ms)[0m  [1mINSERT INTO "tags" ("name", "created_at", "updated_at") VALUES (?, ?, ?)[0m  [["name", "fragile"], ["created_at", "2015-07-06 22:02:25.493678"], ["updated_at", "2015-07-06 22:02:25.493678"]]
  [1m[35m (0.7ms)[0m  commit transaction
  [1m[36m (0.0ms)[0m  [1mbegin transaction[0m
  [1m[35mSQL (0.2ms)[0m  INSERT INTO "tags" ("name", "created_at", "updated_at") VALUES (?, ?, ?)  [["name", "frail"], ["created_at", "2015-07-06 22:02:25.496046"], ["updated_at", "2015-07-06 22:02:25.496046"]]
  [1m[36m (0.7ms)[0m  [1mcommit transaction[0m
  [1m[35m (0.1ms)[0m  begin transaction
  [1m[36mSQL (0.2ms)[0m  [1mINSERT INTO "tags" ("name", "created_at", "updated_at") VALUES (?, ?, ?)[0m  [["name", "frantic"], ["created_at", "2015-07-06 22:02:25.498006"], ["updated_at", "2015-07-06 22:02:25.498006"]]
  [1m[35m (0.7ms)[0m  commit transaction
  [1m[36m (0.0ms)[0m  [1mbegin transaction[0m
  [1m[35mSQL (0.2ms)[0m  INSERT INTO "tags" ("name", "created_at", "updated_at") VALUES (?, ?, ?)  [["name", "friendly"], ["created_at", "2015-07-06 22:02:25.499895"], ["updated_at", "2015-07-06 22:02:25.499895"]]
  [1m[36m (0.6ms)[0m  [1mcommit transaction[0m
  [1m[35m (0.0ms)[0m  begin transaction
  [1m[36mSQL (0.2ms)[0m  [1mINSERT INTO "tags" ("name", "created_at", "updated_at") VALUES (?, ?, ?)[0m  [["name", "frightened"], ["created_at", "2015-07-06 22:02:25.501945"], ["updated_at", "2015-07-06 22:02:25.501945"]]
  [1m[35m (0.7ms)[0m  commit transaction
  [1m[36m (0.0ms)[0m  [1mbegin transaction[0m
  [1m[35mSQL (0.2ms)[0m  INSERT INTO "tags" ("name", "created_at", "updated_at") VALUES (?, ?, ?)  [["name", "funny"], ["created_at", "2015-07-06 22:02:25.504049"], ["updated_at", "2015-07-06 22:02:25.504049"]]
  [1m[36m (0.6ms)[0m  [1mcommit transaction[0m
  [1m[35m (0.0ms)[0m  begin transaction
  [1m[36mSQL (0.2ms)[0m  [1mINSERT INTO "tags" ("name", "created_at", "updated_at") VALUES (?, ?, ?)[0m  [["name", "gentle"], ["created_at", "2015-07-06 22:02:25.506213"], ["updated_at", "2015-07-06 22:02:25.506213"]]
  [1m[35m (0.6ms)[0m  commit transaction
  [1m[36m (0.0ms)[0m  [1mbegin transaction[0m
  [1m[35mSQL (0.2ms)[0m  INSERT INTO "tags" ("name", "created_at", "updated_at") VALUES (?, ?, ?)  [["name", "gifted"], ["created_at", "2015-07-06 22:02:25.508166"], ["updated_at", "2015-07-06 22:02:25.508166"]]
  [1m[36m (0.7ms)[0m  [1mcommit transaction[0m
  [1m[35m (0.0ms)[0m  begin transaction
  [1m[36mSQL (0.2ms)[0m  [1mINSERT INTO "tags" ("name", "created_at", "updated_at") VALUES (?, ?, ?)[0m  [["name", "glamorous"], ["created_at", "2015-07-06 22:02:25.510128"], ["updated_at", "2015-07-06 22:02:25.510128"]]
  [1m[35m (0.8ms)[0m  commit transaction
  [1m[36m (0.1ms)[0m  [1mbegin transaction[0m
  [1m[35mSQL (0.2ms)[0m  INSERT INTO "tags" ("name", "created_at", "updated_at") VALUES (?, ?, ?)  [["name", "gleaming"], ["created_at", "2015-07-06 22:02:25.512465"], ["updated_at", "2015-07-06 22:02:25.512465"]]
  [1m[36m (0.7ms)[0m  [1mcommit transaction[0m
  [1m[35m (0.1ms)[0m  begin transaction
  [1m[36mSQL (0.2ms)[0m  [1mINSERT INTO "tags" ("name", "created_at", "updated_at") VALUES (?, ?, ?)[0m  [["name", "glorious"], ["created_at", "2015-07-06 22:02:25.514731"], ["updated_at", "2015-07-06 22:02:25.514731"]]
  [1m[35m (0.7ms)[0m  commit transaction
  [1m[36m (0.0ms)[0m  [1mbegin transaction[0m
  [1m[35mSQL (0.2ms)[0m  INSERT INTO "tags" ("name", "created_at", "updated_at") VALUES (?, ?, ?)  [["name", "good"], ["created_at", "2015-07-06 22:02:25.516684"], ["updated_at", "2015-07-06 22:02:25.516684"]]
  [1m[36m (0.6ms)[0m  [1mcommit transaction[0m
  [1m[35m (0.0ms)[0m  begin transaction
  [1m[36mSQL (0.2ms)[0m  [1mINSERT INTO "tags" ("name", "created_at", "updated_at") VALUES (?, ?, ?)[0m  [["name", "gorgeous"], ["created_at", "2015-07-06 22:02:25.518818"], ["updated_at", "2015-07-06 22:02:25.518818"]]
  [1m[35m (0.5ms)[0m  commit transaction
  [1m[36m (0.0ms)[0m  [1mbegin transaction[0m
  [1m[35mSQL (0.2ms)[0m  INSERT INTO "tags" ("name", "created_at", "updated_at") VALUES (?, ?, ?)  [["name", "graceful"], ["created_at", "2015-07-06 22:02:25.520813"], ["updated_at", "2015-07-06 22:02:25.520813"]]
  [1m[36m (0.6ms)[0m  [1mcommit transaction[0m
  [1m[35m (0.0ms)[0m  begin transaction
  [1m[36mSQL (0.2ms)[0m  [1mINSERT INTO "tags" ("name", "created_at", "updated_at") VALUES (?, ?, ?)[0m  [["name", "grieving"], ["created_at", "2015-07-06 22:02:25.522727"], ["updated_at", "2015-07-06 22:02:25.522727"]]
  [1m[35m (0.7ms)[0m  commit transaction
  [1m[36m (0.0ms)[0m  [1mbegin transaction[0m
  [1m[35mSQL (0.2ms)[0m  INSERT INTO "tags" ("name", "created_at", "updated_at") VALUES (?, ?, ?)  [["name", "grotesque"], ["created_at", "2015-07-06 22:02:25.524929"], ["updated_at", "2015-07-06 22:02:25.524929"]]
  [1m[36m (0.7ms)[0m  [1mcommit transaction[0m
  [1m[35m (0.0ms)[0m  begin transaction
  [1m[36mSQL (0.2ms)[0m  [1mINSERT INTO "tags" ("name", "created_at", "updated_at") VALUES (?, ?, ?)[0m  [["name", "grumpy"], ["created_at", "2015-07-06 22:02:25.526909"], ["updated_at", "2015-07-06 22:02:25.526909"]]
  [1m[35m (0.7ms)[0m  commit transaction
  [1m[36m (0.0ms)[0m  [1mbegin transaction[0m
  [1m[35mSQL (0.2ms)[0m  INSERT INTO "tags" ("name", "created_at", "updated_at") VALUES (?, ?, ?)  [["name", "handsome"], ["created_at", "2015-07-06 22:02:25.528821"], ["updated_at", "2015-07-06 22:02:25.528821"]]
  [1m[36m (0.7ms)[0m  [1mcommit transaction[0m
  [1m[35m (0.1ms)[0m  begin transaction
  [1m[36mSQL (0.2ms)[0m  [1mINSERT INTO "tags" ("name", "created_at", "updated_at") VALUES (?, ?, ?)[0m  [["name", "happy"], ["created_at", "2015-07-06 22:02:25.531212"], ["updated_at", "2015-07-06 22:02:25.531212"]]
  [1m[35m (0.7ms)[0m  commit transaction
  [1m[36m (0.0ms)[0m  [1mbegin transaction[0m
  [1m[35mSQL (0.2ms)[0m  INSERT INTO "tags" ("name", "created_at", "updated_at") VALUES (?, ?, ?)  [["name", "healthy"], ["created_at", "2015-07-06 22:02:25.533414"], ["updated_at", "2015-07-06 22:02:25.533414"]]
  [1m[36m (0.7ms)[0m  [1mcommit transaction[0m
  [1m[35m (0.0ms)[0m  begin transaction
  [1m[36mSQL (0.2ms)[0m  [1mINSERT INTO "tags" ("name", "created_at", "updated_at") VALUES (?, ?, ?)[0m  [["name", "helpful"], ["created_at", "2015-07-06 22:02:25.535518"], ["updated_at", "2015-07-06 22:02:25.535518"]]
  [1m[35m (0.7ms)[0m  commit transaction
  [1m[36m (0.0ms)[0m  [1mbegin transaction[0m
  [1m[35mSQL (0.2ms)[0m  INSERT INTO "tags" ("name", "created_at", "updated_at") VALUES (?, ?, ?)  [["name", "helpless"], ["created_at", "2015-07-06 22:02:25.537610"], ["updated_at", "2015-07-06 22:02:25.537610"]]
  [1m[36m (0.6ms)[0m  [1mcommit transaction[0m
  [1m[35m (0.0ms)[0m  begin transaction
  [1m[36mSQL (0.2ms)[0m  [1mINSERT INTO "tags" ("name", "created_at", "updated_at") VALUES (?, ?, ?)[0m  [["name", "hilarious"], ["created_at", "2015-07-06 22:02:25.539609"], ["updated_at", "2015-07-06 22:02:25.539609"]]
  [1m[35m (0.7ms)[0m  commit transaction
  [1m[36m (0.0ms)[0m  [1mbegin transaction[0m
  [1m[35mSQL (0.2ms)[0m  INSERT INTO "tags" ("name", "created_at", "updated_at") VALUES (?, ?, ?)  [["name", "homeless"], ["created_at", "2015-07-06 22:02:25.541704"], ["updated_at", "2015-07-06 22:02:25.541704"]]
  [1m[36m (0.7ms)[0m  [1mcommit transaction[0m
  [1m[35m (0.1ms)[0m  begin transaction
  [1m[36mSQL (0.2ms)[0m  [1mINSERT INTO "tags" ("name", "created_at", "updated_at") VALUES (?, ?, ?)[0m  [["name", "homely"], ["created_at", "2015-07-06 22:02:25.543700"], ["updated_at", "2015-07-06 22:02:25.543700"]]
  [1m[35m (0.7ms)[0m  commit transaction
  [1m[36m (0.1ms)[0m  [1mbegin transaction[0m
  [1m[35mSQL (0.2ms)[0m  INSERT INTO "tags" ("name", "created_at", "updated_at") VALUES (?, ?, ?)  [["name", "horrible"], ["created_at", "2015-07-06 22:02:25.545982"], ["updated_at", "2015-07-06 22:02:25.545982"]]
  [1m[36m (0.7ms)[0m  [1mcommit transaction[0m
  [1m[35m (0.0ms)[0m  begin transaction
  [1m[36mSQL (0.2ms)[0m  [1mINSERT INTO "tags" ("name", "created_at", "updated_at") VALUES (?, ?, ?)[0m  [["name", "hungry"], ["created_at", "2015-07-06 22:02:25.548247"], ["updated_at", "2015-07-06 22:02:25.548247"]]
  [1m[35m (1.0ms)[0m  commit transaction
  [1m[36m (0.1ms)[0m  [1mbegin transaction[0m
  [1m[35mSQL (0.2ms)[0m  INSERT INTO "tags" ("name", "created_at", "updated_at") VALUES (?, ?, ?)  [["name", "hurt"], ["created_at", "2015-07-06 22:02:25.550801"], ["updated_at", "2015-07-06 22:02:25.550801"]]
  [1m[36m (0.7ms)[0m  [1mcommit transaction[0m
  [1m[35m (0.1ms)[0m  begin transaction
  [1m[36mSQL (0.2ms)[0m  [1mINSERT INTO "tags" ("name", "created_at", "updated_at") VALUES (?, ?, ?)[0m  [["name", "ill"], ["created_at", "2015-07-06 22:02:25.552895"], ["updated_at", "2015-07-06 22:02:25.552895"]]
  [1m[35m (0.7ms)[0m  commit transaction
  [1m[36m (0.1ms)[0m  [1mbegin transaction[0m
  [1m[35mSQL (0.2ms)[0m  INSERT INTO "tags" ("name", "created_at", "updated_at") VALUES (?, ?, ?)  [["name", "important"], ["created_at", "2015-07-06 22:02:25.555128"], ["updated_at", "2015-07-06 22:02:25.555128"]]
  [1m[36m (0.7ms)[0m  [1mcommit transaction[0m
  [1m[35m (0.0ms)[0m  begin transaction
  [1m[36mSQL (0.2ms)[0m  [1mINSERT INTO "tags" ("name", "created_at", "updated_at") VALUES (?, ?, ?)[0m  [["name", "impossible"], ["created_at", "2015-07-06 22:02:25.557243"], ["updated_at", "2015-07-06 22:02:25.557243"]]
  [1m[35m (0.7ms)[0m  commit transaction
  [1m[36m (0.0ms)[0m  [1mbegin transaction[0m
  [1m[35mSQL (0.2ms)[0m  INSERT INTO "tags" ("name", "created_at", "updated_at") VALUES (?, ?, ?)  [["name", "inexpensive"], ["created_at", "2015-07-06 22:02:25.559526"], ["updated_at", "2015-07-06 22:02:25.559526"]]
  [1m[36m (0.7ms)[0m  [1mcommit transaction[0m
  [1m[35m (0.0ms)[0m  begin transaction
  [1m[36mSQL (0.3ms)[0m  [1mINSERT INTO "tags" ("name", "created_at", "updated_at") VALUES (?, ?, ?)[0m  [["name", "innocent"], ["created_at", "2015-07-06 22:02:25.561634"], ["updated_at", "2015-07-06 22:02:25.561634"]]
  [1m[35m (0.6ms)[0m  commit transaction
  [1m[36m (0.1ms)[0m  [1mbegin transaction[0m
  [1m[35mSQL (0.2ms)[0m  INSERT INTO "tags" ("name", "created_at", "updated_at") VALUES (?, ?, ?)  [["name", "inquisitive"], ["created_at", "2015-07-06 22:02:25.564173"], ["updated_at", "2015-07-06 22:02:25.564173"]]
  [1m[36m (0.8ms)[0m  [1mcommit transaction[0m
  [1m[35m (0.1ms)[0m  begin transaction
  [1m[36mSQL (0.2ms)[0m  [1mINSERT INTO "tags" ("name", "created_at", "updated_at") VALUES (?, ?, ?)[0m  [["name", "itchy"], ["created_at", "2015-07-06 22:02:25.566606"], ["updated_at", "2015-07-06 22:02:25.566606"]]
  [1m[35m (0.7ms)[0m  commit transaction
  [1m[36m (0.0ms)[0m  [1mbegin transaction[0m
  [1m[35mSQL (0.2ms)[0m  INSERT INTO "tags" ("name", "created_at", "updated_at") VALUES (?, ?, ?)  [["name", "jealous"], ["created_at", "2015-07-06 22:02:25.568634"], ["updated_at", "2015-07-06 22:02:25.568634"]]
  [1m[36m (0.7ms)[0m  [1mcommit transaction[0m
  [1m[35m (0.1ms)[0m  begin transaction
  [1m[36mSQL (0.2ms)[0m  [1mINSERT INTO "tags" ("name", "created_at", "updated_at") VALUES (?, ?, ?)[0m  [["name", "jittery"], ["created_at", "2015-07-06 22:02:25.570701"], ["updated_at", "2015-07-06 22:02:25.570701"]]
  [1m[35m (0.7ms)[0m  commit transaction
  [1m[36m (0.0ms)[0m  [1mbegin transaction[0m
  [1m[35mSQL (0.2ms)[0m  INSERT INTO "tags" ("name", "created_at", "updated_at") VALUES (?, ?, ?)  [["name", "jolly"], ["created_at", "2015-07-06 22:02:25.572683"], ["updated_at", "2015-07-06 22:02:25.572683"]]
  [1m[36m (0.6ms)[0m  [1mcommit transaction[0m
  [1m[35m (0.0ms)[0m  begin transaction
  [1m[36mSQL (0.2ms)[0m  [1mINSERT INTO "tags" ("name", "created_at", "updated_at") VALUES (?, ?, ?)[0m  [["name", "joyous"], ["created_at", "2015-07-06 22:02:25.574495"], ["updated_at", "2015-07-06 22:02:25.574495"]]
  [1m[35m (0.8ms)[0m  commit transaction
  [1m[36m (0.1ms)[0m  [1mbegin transaction[0m
  [1m[35mSQL (0.2ms)[0m  INSERT INTO "tags" ("name", "created_at", "updated_at") VALUES (?, ?, ?)  [["name", "kind"], ["created_at", "2015-07-06 22:02:25.576676"], ["updated_at", "2015-07-06 22:02:25.576676"]]
  [1m[36m (0.6ms)[0m  [1mcommit transaction[0m
  [1m[35m (0.0ms)[0m  begin transaction
  [1m[36mSQL (0.2ms)[0m  [1mINSERT INTO "tags" ("name", "created_at", "updated_at") VALUES (?, ?, ?)[0m  [["name", "lazy"], ["created_at", "2015-07-06 22:02:25.578673"], ["updated_at", "2015-07-06 22:02:25.578673"]]
  [1m[35m (0.7ms)[0m  commit transaction
  [1m[36m (0.0ms)[0m  [1mbegin transaction[0m
  [1m[35mSQL (0.2ms)[0m  INSERT INTO "tags" ("name", "created_at", "updated_at") VALUES (?, ?, ?)  [["name", "light"], ["created_at", "2015-07-06 22:02:25.580742"], ["updated_at", "2015-07-06 22:02:25.580742"]]
  [1m[36m (0.7ms)[0m  [1mcommit transaction[0m
  [1m[35m (0.1ms)[0m  begin transaction
  [1m[36mSQL (0.2ms)[0m  [1mINSERT INTO "tags" ("name", "created_at", "updated_at") VALUES (?, ?, ?)[0m  [["name", "lively"], ["created_at", "2015-07-06 22:02:25.583013"], ["updated_at", "2015-07-06 22:02:25.583013"]]
  [1m[35m (0.7ms)[0m  commit transaction
  [1m[36m (0.0ms)[0m  [1mbegin transaction[0m
  [1m[35mSQL (0.2ms)[0m  INSERT INTO "tags" ("name", "created_at", "updated_at") VALUES (?, ?, ?)  [["name", "lonely"], ["created_at", "2015-07-06 22:02:25.585035"], ["updated_at", "2015-07-06 22:02:25.585035"]]
  [1m[36m (0.6ms)[0m  [1mcommit transaction[0m
  [1m[35m (0.0ms)[0m  begin transaction
  [1m[36mSQL (0.2ms)[0m  [1mINSERT INTO "tags" ("name", "created_at", "updated_at") VALUES (?, ?, ?)[0m  [["name", "long"], ["created_at", "2015-07-06 22:02:25.586852"], ["updated_at", "2015-07-06 22:02:25.586852"]]
  [1m[35m (0.6ms)[0m  commit transaction
  [1m[36m (0.0ms)[0m  [1mbegin transaction[0m
  [1m[35mSQL (0.2ms)[0m  INSERT INTO "tags" ("name", "created_at", "updated_at") VALUES (?, ?, ?)  [["name", "lovely"], ["created_at", "2015-07-06 22:02:25.588932"], ["updated_at", "2015-07-06 22:02:25.588932"]]
  [1m[36m (0.7ms)[0m  [1mcommit transaction[0m
  [1m[35m (0.0ms)[0m  begin transaction
  [1m[36mSQL (0.2ms)[0m  [1mINSERT INTO "tags" ("name", "created_at", "updated_at") VALUES (?, ?, ?)[0m  [["name", "lucky"], ["created_at", "2015-07-06 22:02:25.590953"], ["updated_at", "2015-07-06 22:02:25.590953"]]
  [1m[35m (0.7ms)[0m  commit transaction
  [1m[36m (0.1ms)[0m  [1mbegin transaction[0m
  [1m[35mSQL (0.2ms)[0m  INSERT INTO "tags" ("name", "created_at", "updated_at") VALUES (?, ?, ?)  [["name", "magnificent"], ["created_at", "2015-07-06 22:02:25.593188"], ["updated_at", "2015-07-06 22:02:25.593188"]]
  [1m[36m (0.7ms)[0m  [1mcommit transaction[0m
  [1m[35m (0.0ms)[0m  begin transaction
  [1m[36mSQL (0.2ms)[0m  [1mINSERT INTO "tags" ("name", "created_at", "updated_at") VALUES (?, ?, ?)[0m  [["name", "misty"], ["created_at", "2015-07-06 22:02:25.595415"], ["updated_at", "2015-07-06 22:02:25.595415"]]
  [1m[35m (0.6ms)[0m  commit transaction
  [1m[36m (0.0ms)[0m  [1mbegin transaction[0m
  [1m[35mSQL (0.2ms)[0m  INSERT INTO "tags" ("name", "created_at", "updated_at") VALUES (?, ?, ?)  [["name", "modern"], ["created_at", "2015-07-06 22:02:25.597386"], ["updated_at", "2015-07-06 22:02:25.597386"]]
  [1m[36m (0.6ms)[0m  [1mcommit transaction[0m
  [1m[35m (0.0ms)[0m  begin transaction
  [1m[36mSQL (0.2ms)[0m  [1mINSERT INTO "tags" ("name", "created_at", "updated_at") VALUES (?, ?, ?)[0m  [["name", "motionless"], ["created_at", "2015-07-06 22:02:25.602977"], ["updated_at", "2015-07-06 22:02:25.602977"]]
  [1m[35m (0.7ms)[0m  commit transaction
  [1m[36m (0.0ms)[0m  [1mbegin transaction[0m
  [1m[35mSQL (0.2ms)[0m  INSERT INTO "tags" ("name", "created_at", "updated_at") VALUES (?, ?, ?)  [["name", "muddy"], ["created_at", "2015-07-06 22:02:25.605070"], ["updated_at", "2015-07-06 22:02:25.605070"]]
  [1m[36m (0.6ms)[0m  [1mcommit transaction[0m
  [1m[35m (0.0ms)[0m  begin transaction
  [1m[36mSQL (0.2ms)[0m  [1mINSERT INTO "tags" ("name", "created_at", "updated_at") VALUES (?, ?, ?)[0m  [["name", "mushy"], ["created_at", "2015-07-06 22:02:25.607011"], ["updated_at", "2015-07-06 22:02:25.607011"]]
  [1m[35m (0.7ms)[0m  commit transaction
  [1m[36m (0.0ms)[0m  [1mbegin transaction[0m
  [1m[35mSQL (0.2ms)[0m  INSERT INTO "tags" ("name", "created_at", "updated_at") VALUES (?, ?, ?)  [["name", "mysterious"], ["created_at", "2015-07-06 22:02:25.608893"], ["updated_at", "2015-07-06 22:02:25.608893"]]
  [1m[36m (0.7ms)[0m  [1mcommit transaction[0m
  [1m[35m (0.0ms)[0m  begin transaction
  [1m[36mSQL (0.2ms)[0m  [1mINSERT INTO "tags" ("name", "created_at", "updated_at") VALUES (?, ?, ?)[0m  [["name", "nasty"], ["created_at", "2015-07-06 22:02:25.611000"], ["updated_at", "2015-07-06 22:02:25.611000"]]
  [1m[35m (0.7ms)[0m  commit transaction
  [1m[36m (0.1ms)[0m  [1mbegin transaction[0m
  [1m[35mSQL (0.2ms)[0m  INSERT INTO "tags" ("name", "created_at", "updated_at") VALUES (?, ?, ?)  [["name", "naughty"], ["created_at", "2015-07-06 22:02:25.613218"], ["updated_at", "2015-07-06 22:02:25.613218"]]
  [1m[36m (0.7ms)[0m  [1mcommit transaction[0m
  [1m[35m (0.0ms)[0m  begin transaction
  [1m[36mSQL (0.2ms)[0m  [1mINSERT INTO "tags" ("name", "created_at", "updated_at") VALUES (?, ?, ?)[0m  [["name", "nervous"], ["created_at", "2015-07-06 22:02:25.615297"], ["updated_at", "2015-07-06 22:02:25.615297"]]
  [1m[35m (0.7ms)[0m  commit transaction
  [1m[36m (0.0ms)[0m  [1mbegin transaction[0m
  [1m[35mSQL (0.2ms)[0m  INSERT INTO "tags" ("name", "created_at", "updated_at") VALUES (?, ?, ?)  [["name", "nice"], ["created_at", "2015-07-06 22:02:25.617398"], ["updated_at", "2015-07-06 22:02:25.617398"]]
  [1m[36m (0.6ms)[0m  [1mcommit transaction[0m
  [1m[35m (0.0ms)[0m  begin transaction
  [1m[36mSQL (0.2ms)[0m  [1mINSERT INTO "tags" ("name", "created_at", "updated_at") VALUES (?, ?, ?)[0m  [["name", "nutty"], ["created_at", "2015-07-06 22:02:25.619244"], ["updated_at", "2015-07-06 22:02:25.619244"]]
  [1m[35m (0.6ms)[0m  commit transaction
  [1m[36m (0.0ms)[0m  [1mbegin transaction[0m
  [1m[35mSQL (0.2ms)[0m  INSERT INTO "tags" ("name", "created_at", "updated_at") VALUES (?, ?, ?)  [["name", "obedient"], ["created_at", "2015-07-06 22:02:25.621112"], ["updated_at", "2015-07-06 22:02:25.621112"]]
  [1m[36m (0.7ms)[0m  [1mcommit transaction[0m
  [1m[35m (0.1ms)[0m  begin transaction
  [1m[36mSQL (0.2ms)[0m  [1mINSERT INTO "tags" ("name", "created_at", "updated_at") VALUES (?, ?, ?)[0m  [["name", "obnoxious"], ["created_at", "2015-07-06 22:02:25.623187"], ["updated_at", "2015-07-06 22:02:25.623187"]]
  [1m[35m (0.7ms)[0m  commit transaction
  [1m[36m (0.0ms)[0m  [1mbegin transaction[0m
  [1m[35mSQL (0.2ms)[0m  INSERT INTO "tags" ("name", "created_at", "updated_at") VALUES (?, ?, ?)  [["name", "odd"], ["created_at", "2015-07-06 22:02:25.625251"], ["updated_at", "2015-07-06 22:02:25.625251"]]
  [1m[36m (0.7ms)[0m  [1mcommit transaction[0m
  [1m[35m (0.0ms)[0m  begin transaction
  [1m[36mSQL (0.2ms)[0m  [1mINSERT INTO "tags" ("name", "created_at", "updated_at") VALUES (?, ?, ?)[0m  [["name", "old-fashioned"], ["created_at", "2015-07-06 22:02:25.627286"], ["updated_at", "2015-07-06 22:02:25.627286"]]
  [1m[35m (0.7ms)[0m  commit transaction
  [1m[36m (0.0ms)[0m  [1mbegin transaction[0m
  [1m[35mSQL (0.2ms)[0m  INSERT INTO "tags" ("name", "created_at", "updated_at") VALUES (?, ?, ?)  [["name", "open"], ["created_at", "2015-07-06 22:02:25.629440"], ["updated_at", "2015-07-06 22:02:25.629440"]]
  [1m[36m (0.6ms)[0m  [1mcommit transaction[0m
  [1m[35m (0.0ms)[0m  begin transaction
  [1m[36mSQL (0.2ms)[0m  [1mINSERT INTO "tags" ("name", "created_at", "updated_at") VALUES (?, ?, ?)[0m  [["name", "outrageous"], ["created_at", "2015-07-06 22:02:25.631411"], ["updated_at", "2015-07-06 22:02:25.631411"]]
  [1m[35m (0.8ms)[0m  commit transaction
  [1m[36m (0.1ms)[0m  [1mbegin transaction[0m
  [1m[35mSQL (0.2ms)[0m  INSERT INTO "tags" ("name", "created_at", "updated_at") VALUES (?, ?, ?)  [["name", "outstanding"], ["created_at", "2015-07-06 22:02:25.633886"], ["updated_at", "2015-07-06 22:02:25.633886"]]
  [1m[36m (0.6ms)[0m  [1mcommit transaction[0m
  [1m[35m (0.0ms)[0m  begin transaction
  [1m[36mSQL (0.2ms)[0m  [1mINSERT INTO "tags" ("name", "created_at", "updated_at") VALUES (?, ?, ?)[0m  [["name", "panicky"], ["created_at", "2015-07-06 22:02:25.635953"], ["updated_at", "2015-07-06 22:02:25.635953"]]
  [1m[35m (0.6ms)[0m  commit transaction
  [1m[36m (0.0ms)[0m  [1mbegin transaction[0m
  [1m[35mSQL (0.2ms)[0m  INSERT INTO "tags" ("name", "created_at", "updated_at") VALUES (?, ?, ?)  [["name", "perfect"], ["created_at", "2015-07-06 22:02:25.637924"], ["updated_at", "2015-07-06 22:02:25.637924"]]
  [1m[36m (0.7ms)[0m  [1mcommit transaction[0m
  [1m[35m (0.0ms)[0m  begin transaction
  [1m[36mSQL (0.2ms)[0m  [1mINSERT INTO "tags" ("name", "created_at", "updated_at") VALUES (?, ?, ?)[0m  [["name", "plain"], ["created_at", "2015-07-06 22:02:25.639964"], ["updated_at", "2015-07-06 22:02:25.639964"]]
  [1m[35m (0.6ms)[0m  commit transaction
  [1m[36m (0.0ms)[0m  [1mbegin transaction[0m
  [1m[35mSQL (0.2ms)[0m  INSERT INTO "tags" ("name", "created_at", "updated_at") VALUES (?, ?, ?)  [["name", "pleasant"], ["created_at", "2015-07-06 22:02:25.641984"], ["updated_at", "2015-07-06 22:02:25.641984"]]
  [1m[36m (0.7ms)[0m  [1mcommit transaction[0m
  [1m[35m (0.0ms)[0m  begin transaction
  [1m[36mSQL (0.2ms)[0m  [1mINSERT INTO "tags" ("name", "created_at", "updated_at") VALUES (?, ?, ?)[0m  [["name", "poised"], ["created_at", "2015-07-06 22:02:25.643988"], ["updated_at", "2015-07-06 22:02:25.643988"]]
  [1m[35m (0.7ms)[0m  commit transaction
  [1m[36m (0.1ms)[0m  [1mbegin transaction[0m
  [1m[35mSQL (0.2ms)[0m  INSERT INTO "tags" ("name", "created_at", "updated_at") VALUES (?, ?, ?)  [["name", "poor"], ["created_at", "2015-07-06 22:02:25.646161"], ["updated_at", "2015-07-06 22:02:25.646161"]]
  [1m[36m (0.8ms)[0m  [1mcommit transaction[0m
  [1m[35m (0.0ms)[0m  begin transaction
  [1m[36mSQL (0.2ms)[0m  [1mINSERT INTO "tags" ("name", "created_at", "updated_at") VALUES (?, ?, ?)[0m  [["name", "powerful"], ["created_at", "2015-07-06 22:02:25.648348"], ["updated_at", "2015-07-06 22:02:25.648348"]]
  [1m[35m (0.7ms)[0m  commit transaction
  [1m[36m (0.0ms)[0m  [1mbegin transaction[0m
  [1m[35mSQL (0.2ms)[0m  INSERT INTO "tags" ("name", "created_at", "updated_at") VALUES (?, ?, ?)  [["name", "precious"], ["created_at", "2015-07-06 22:02:25.650554"], ["updated_at", "2015-07-06 22:02:25.650554"]]
  [1m[36m (0.8ms)[0m  [1mcommit transaction[0m
  [1m[35m (0.0ms)[0m  begin transaction
  [1m[36mSQL (0.2ms)[0m  [1mINSERT INTO "tags" ("name", "created_at", "updated_at") VALUES (?, ?, ?)[0m  [["name", "prickly"], ["created_at", "2015-07-06 22:02:25.652960"], ["updated_at", "2015-07-06 22:02:25.652960"]]
  [1m[35m (0.7ms)[0m  commit transaction
  [1m[36m (0.0ms)[0m  [1mbegin transaction[0m
  [1m[35mSQL (0.2ms)[0m  INSERT INTO "tags" ("name", "created_at", "updated_at") VALUES (?, ?, ?)  [["name", "proud"], ["created_at", "2015-07-06 22:02:25.654955"], ["updated_at", "2015-07-06 22:02:25.654955"]]
  [1m[36m (0.7ms)[0m  [1mcommit transaction[0m
  [1m[35m (0.1ms)[0m  begin transaction
  [1m[36mSQL (0.2ms)[0m  [1mINSERT INTO "tags" ("name", "created_at", "updated_at") VALUES (?, ?, ?)[0m  [["name", "puzzled"], ["created_at", "2015-07-06 22:02:25.657258"], ["updated_at", "2015-07-06 22:02:25.657258"]]
  [1m[35m (0.7ms)[0m  commit transaction
  [1m[36m (0.0ms)[0m  [1mbegin transaction[0m
  [1m[35mSQL (0.2ms)[0m  INSERT INTO "tags" ("name", "created_at", "updated_at") VALUES (?, ?, ?)  [["name", "quaint"], ["created_at", "2015-07-06 22:02:25.659428"], ["updated_at", "2015-07-06 22:02:25.659428"]]
  [1m[36m (0.7ms)[0m  [1mcommit transaction[0m
  [1m[35m (0.0ms)[0m  begin transaction
  [1m[36mSQL (0.2ms)[0m  [1mINSERT INTO "tags" ("name", "created_at", "updated_at") VALUES (?, ?, ?)[0m  [["name", "real"], ["created_at", "2015-07-06 22:02:25.661500"], ["updated_at", "2015-07-06 22:02:25.661500"]]
  [1m[35m (0.8ms)[0m  commit transaction
  [1m[36m (0.0ms)[0m  [1mbegin transaction[0m
  [1m[35mSQL (0.2ms)[0m  INSERT INTO "tags" ("name", "created_at", "updated_at") VALUES (?, ?, ?)  [["name", "relieved"], ["created_at", "2015-07-06 22:02:25.663657"], ["updated_at", "2015-07-06 22:02:25.663657"]]
  [1m[36m (0.6ms)[0m  [1mcommit transaction[0m
  [1m[35m (0.1ms)[0m  begin transaction
  [1m[36mSQL (0.2ms)[0m  [1mINSERT INTO "tags" ("name", "created_at", "updated_at") VALUES (?, ?, ?)[0m  [["name", "repulsive"], ["created_at", "2015-07-06 22:02:25.665574"], ["updated_at", "2015-07-06 22:02:25.665574"]]
  [1m[35m (0.7ms)[0m  commit transaction
  [1m[36m (0.0ms)[0m  [1mbegin transaction[0m
  [1m[35mSQL (0.2ms)[0m  INSERT INTO "tags" ("name", "created_at", "updated_at") VALUES (?, ?, ?)  [["name", "rich"], ["created_at", "2015-07-06 22:02:25.667394"], ["updated_at", "2015-07-06 22:02:25.667394"]]
  [1m[36m (0.7ms)[0m  [1mcommit transaction[0m
  [1m[35m (0.0ms)[0m  begin transaction
  [1m[36mSQL (0.2ms)[0m  [1mINSERT INTO "tags" ("name", "created_at", "updated_at") VALUES (?, ?, ?)[0m  [["name", "scary"], ["created_at", "2015-07-06 22:02:25.669813"], ["updated_at", "2015-07-06 22:02:25.669813"]]
  [1m[35m (0.7ms)[0m  commit transaction
  [1m[36m (0.0ms)[0m  [1mbegin transaction[0m
  [1m[35mSQL (0.2ms)[0m  INSERT INTO "tags" ("name", "created_at", "updated_at") VALUES (?, ?, ?)  [["name", "selfish"], ["created_at", "2015-07-06 22:02:25.671924"], ["updated_at", "2015-07-06 22:02:25.671924"]]
  [1m[36m (0.7ms)[0m  [1mcommit transaction[0m
  [1m[35m (0.0ms)[0m  begin transaction
  [1m[36mSQL (0.2ms)[0m  [1mINSERT INTO "tags" ("name", "created_at", "updated_at") VALUES (?, ?, ?)[0m  [["name", "shiny"], ["created_at", "2015-07-06 22:02:25.673876"], ["updated_at", "2015-07-06 22:02:25.673876"]]
  [1m[35m (0.7ms)[0m  commit transaction
  [1m[36m (0.0ms)[0m  [1mbegin transaction[0m
  [1m[35mSQL (0.2ms)[0m  INSERT INTO "tags" ("name", "created_at", "updated_at") VALUES (?, ?, ?)  [["name", "shy"], ["created_at", "2015-07-06 22:02:25.676130"], ["updated_at", "2015-07-06 22:02:25.676130"]]
  [1m[36m (1.1ms)[0m  [1mcommit transaction[0m
  [1m[35m (0.0ms)[0m  begin transaction
  [1m[36mSQL (0.2ms)[0m  [1mINSERT INTO "tags" ("name", "created_at", "updated_at") VALUES (?, ?, ?)[0m  [["name", "silly"], ["created_at", "2015-07-06 22:02:25.678783"], ["updated_at", "2015-07-06 22:02:25.678783"]]
  [1m[35m (0.7ms)[0m  commit transaction
  [1m[36m (0.0ms)[0m  [1mbegin transaction[0m
  [1m[35mSQL (0.2ms)[0m  INSERT INTO "tags" ("name", "created_at", "updated_at") VALUES (?, ?, ?)  [["name", "sleepy"], ["created_at", "2015-07-06 22:02:25.680981"], ["updated_at", "2015-07-06 22:02:25.680981"]]
  [1m[36m (0.7ms)[0m  [1mcommit transaction[0m
  [1m[35m (0.0ms)[0m  begin transaction
  [1m[36mSQL (0.2ms)[0m  [1mINSERT INTO "tags" ("name", "created_at", "updated_at") VALUES (?, ?, ?)[0m  [["name", "smiling"], ["created_at", "2015-07-06 22:02:25.683097"], ["updated_at", "2015-07-06 22:02:25.683097"]]
  [1m[35m (0.7ms)[0m  commit transaction
  [1m[36m (0.0ms)[0m  [1mbegin transaction[0m
  [1m[35mSQL (0.2ms)[0m  INSERT INTO "tags" ("name", "created_at", "updated_at") VALUES (?, ?, ?)  [["name", "smoggy"], ["created_at", "2015-07-06 22:02:25.685181"], ["updated_at", "2015-07-06 22:02:25.685181"]]
  [1m[36m (0.7ms)[0m  [1mcommit transaction[0m
  [1m[35m (0.0ms)[0m  begin transaction
  [1m[36mSQL (0.2ms)[0m  [1mINSERT INTO "tags" ("name", "created_at", "updated_at") VALUES (?, ?, ?)[0m  [["name", "sore"], ["created_at", "2015-07-06 22:02:25.687561"], ["updated_at", "2015-07-06 22:02:25.687561"]]
  [1m[35m (0.7ms)[0m  commit transaction
  [1m[36m (0.0ms)[0m  [1mbegin transaction[0m
  [1m[35mSQL (0.2ms)[0m  INSERT INTO "tags" ("name", "created_at", "updated_at") VALUES (?, ?, ?)  [["name", "sparkling"], ["created_at", "2015-07-06 22:02:25.689632"], ["updated_at", "2015-07-06 22:02:25.689632"]]
  [1m[36m (0.6ms)[0m  [1mcommit transaction[0m
  [1m[35m (0.0ms)[0m  begin transaction
  [1m[36mSQL (0.2ms)[0m  [1mINSERT INTO "tags" ("name", "created_at", "updated_at") VALUES (?, ?, ?)[0m  [["name", "splendid"], ["created_at", "2015-07-06 22:02:25.691676"], ["updated_at", "2015-07-06 22:02:25.691676"]]
  [1m[35m (0.8ms)[0m  commit transaction
  [1m[36m (0.0ms)[0m  [1mbegin transaction[0m
  [1m[35mSQL (0.2ms)[0m  INSERT INTO "tags" ("name", "created_at", "updated_at") VALUES (?, ?, ?)  [["name", "spotless"], ["created_at", "2015-07-06 22:02:25.693915"], ["updated_at", "2015-07-06 22:02:25.693915"]]
  [1m[36m (0.6ms)[0m  [1mcommit transaction[0m
  [1m[35m (0.0ms)[0m  begin transaction
  [1m[36mSQL (0.2ms)[0m  [1mINSERT INTO "tags" ("name", "created_at", "updated_at") VALUES (?, ?, ?)[0m  [["name", "stormy"], ["created_at", "2015-07-06 22:02:25.695892"], ["updated_at", "2015-07-06 22:02:25.695892"]]
  [1m[35m (0.7ms)[0m  commit transaction
  [1m[36m (0.0ms)[0m  [1mbegin transaction[0m
  [1m[35mSQL (0.2ms)[0m  INSERT INTO "tags" ("name", "created_at", "updated_at") VALUES (?, ?, ?)  [["name", "strange"], ["created_at", "2015-07-06 22:02:25.697921"], ["updated_at", "2015-07-06 22:02:25.697921"]]
  [1m[36m (0.7ms)[0m  [1mcommit transaction[0m
  [1m[35m (0.0ms)[0m  begin transaction
  [1m[36mSQL (0.2ms)[0m  [1mINSERT INTO "tags" ("name", "created_at", "updated_at") VALUES (?, ?, ?)[0m  [["name", "stupid"], ["created_at", "2015-07-06 22:02:25.699944"], ["updated_at", "2015-07-06 22:02:25.699944"]]
  [1m[35m (0.8ms)[0m  commit transaction
  [1m[36m (0.0ms)[0m  [1mbegin transaction[0m
  [1m[35mSQL (0.2ms)[0m  INSERT INTO "tags" ("name", "created_at", "updated_at") VALUES (?, ?, ?)  [["name", "successful"], ["created_at", "2015-07-06 22:02:25.702059"], ["updated_at", "2015-07-06 22:02:25.702059"]]
  [1m[36m (0.7ms)[0m  [1mcommit transaction[0m
  [1m[35m (0.0ms)[0m  begin transaction
  [1m[36mSQL (0.2ms)[0m  [1mINSERT INTO "tags" ("name", "created_at", "updated_at") VALUES (?, ?, ?)[0m  [["name", "super"], ["created_at", "2015-07-06 22:02:25.704075"], ["updated_at", "2015-07-06 22:02:25.704075"]]
  [1m[35m (0.6ms)[0m  commit transaction
  [1m[36m (0.0ms)[0m  [1mbegin transaction[0m
  [1m[35mSQL (0.2ms)[0m  INSERT INTO "tags" ("name", "created_at", "updated_at") VALUES (?, ?, ?)  [["name", "talented"], ["created_at", "2015-07-06 22:02:25.705922"], ["updated_at", "2015-07-06 22:02:25.705922"]]
  [1m[36m (0.7ms)[0m  [1mcommit transaction[0m
  [1m[35m (0.0ms)[0m  begin transaction
  [1m[36mSQL (0.2ms)[0m  [1mINSERT INTO "tags" ("name", "created_at", "updated_at") VALUES (?, ?, ?)[0m  [["name", "tame"], ["created_at", "2015-07-06 22:02:25.707799"], ["updated_at", "2015-07-06 22:02:25.707799"]]
  [1m[35m (0.7ms)[0m  commit transaction
  [1m[36m (0.0ms)[0m  [1mbegin transaction[0m
  [1m[35mSQL (0.2ms)[0m  INSERT INTO "tags" ("name", "created_at", "updated_at") VALUES (?, ?, ?)  [["name", "tender"], ["created_at", "2015-07-06 22:02:25.709770"], ["updated_at", "2015-07-06 22:02:25.709770"]]
  [1m[36m (0.7ms)[0m  [1mcommit transaction[0m
  [1m[35m (0.0ms)[0m  begin transaction
  [1m[36mSQL (0.2ms)[0m  [1mINSERT INTO "tags" ("name", "created_at", "updated_at") VALUES (?, ?, ?)[0m  [["name", "tense"], ["created_at", "2015-07-06 22:02:25.711796"], ["updated_at", "2015-07-06 22:02:25.711796"]]
  [1m[35m (0.7ms)[0m  commit transaction
  [1m[36m (0.0ms)[0m  [1mbegin transaction[0m
  [1m[35mSQL (0.2ms)[0m  INSERT INTO "tags" ("name", "created_at", "updated_at") VALUES (?, ?, ?)  [["name", "terrible"], ["created_at", "2015-07-06 22:02:25.713966"], ["updated_at", "2015-07-06 22:02:25.713966"]]
  [1m[36m (0.7ms)[0m  [1mcommit transaction[0m
  [1m[35m (0.0ms)[0m  begin transaction
  [1m[36mSQL (0.2ms)[0m  [1mINSERT INTO "tags" ("name", "created_at", "updated_at") VALUES (?, ?, ?)[0m  [["name", "testy"], ["created_at", "2015-07-06 22:02:25.716232"], ["updated_at", "2015-07-06 22:02:25.716232"]]
  [1m[35m (0.6ms)[0m  commit transaction
  [1m[36m (0.0ms)[0m  [1mbegin transaction[0m
  [1m[35mSQL (0.2ms)[0m  INSERT INTO "tags" ("name", "created_at", "updated_at") VALUES (?, ?, ?)  [["name", "thankful"], ["created_at", "2015-07-06 22:02:25.718110"], ["updated_at", "2015-07-06 22:02:25.718110"]]
  [1m[36m (0.7ms)[0m  [1mcommit transaction[0m
  [1m[35m (0.0ms)[0m  begin transaction
  [1m[36mSQL (0.2ms)[0m  [1mINSERT INTO "tags" ("name", "created_at", "updated_at") VALUES (?, ?, ?)[0m  [["name", "thoughtful"], ["created_at", "2015-07-06 22:02:25.720179"], ["updated_at", "2015-07-06 22:02:25.720179"]]
  [1m[35m (0.7ms)[0m  commit transaction
  [1m[36m (0.0ms)[0m  [1mbegin transaction[0m
  [1m[35mSQL (0.2ms)[0m  INSERT INTO "tags" ("name", "created_at", "updated_at") VALUES (?, ?, ?)  [["name", "thoughtless"], ["created_at", "2015-07-06 22:02:25.722352"], ["updated_at", "2015-07-06 22:02:25.722352"]]
  [1m[36m (0.7ms)[0m  [1mcommit transaction[0m
  [1m[35m (0.0ms)[0m  begin transaction
  [1m[36mSQL (0.2ms)[0m  [1mINSERT INTO "tags" ("name", "created_at", "updated_at") VALUES (?, ?, ?)[0m  [["name", "tired"], ["created_at", "2015-07-06 22:02:25.724383"], ["updated_at", "2015-07-06 22:02:25.724383"]]
  [1m[35m (0.7ms)[0m  commit transaction
  [1m[36m (0.0ms)[0m  [1mbegin transaction[0m
  [1m[35mSQL (0.2ms)[0m  INSERT INTO "tags" ("name", "created_at", "updated_at") VALUES (?, ?, ?)  [["name", "tough"], ["created_at", "2015-07-06 22:02:25.726477"], ["updated_at", "2015-07-06 22:02:25.726477"]]
  [1m[36m (0.7ms)[0m  [1mcommit transaction[0m
  [1m[35m (0.0ms)[0m  begin transaction
  [1m[36mSQL (0.2ms)[0m  [1mINSERT INTO "tags" ("name", "created_at", "updated_at") VALUES (?, ?, ?)[0m  [["name", "troubled"], ["created_at", "2015-07-06 22:02:25.728533"], ["updated_at", "2015-07-06 22:02:25.728533"]]
  [1m[35m (0.5ms)[0m  commit transaction
  [1m[36m (0.0ms)[0m  [1mbegin transaction[0m
  [1m[35mSQL (0.2ms)[0m  INSERT INTO "tags" ("name", "created_at", "updated_at") VALUES (?, ?, ?)  [["name", "ugliest"], ["created_at", "2015-07-06 22:02:25.730294"], ["updated_at", "2015-07-06 22:02:25.730294"]]
  [1m[36m (0.7ms)[0m  [1mcommit transaction[0m
  [1m[35m (0.1ms)[0m  begin transaction
  [1m[36mSQL (0.2ms)[0m  [1mINSERT INTO "tags" ("name", "created_at", "updated_at") VALUES (?, ?, ?)[0m  [["name", "ugly"], ["created_at", "2015-07-06 22:02:25.732433"], ["updated_at", "2015-07-06 22:02:25.732433"]]
  [1m[35m (0.7ms)[0m  commit transaction
  [1m[36m (0.1ms)[0m  [1mbegin transaction[0m
  [1m[35mSQL (0.2ms)[0m  INSERT INTO "tags" ("name", "created_at", "updated_at") VALUES (?, ?, ?)  [["name", "uninterested"], ["created_at", "2015-07-06 22:02:25.734750"], ["updated_at", "2015-07-06 22:02:25.734750"]]
  [1m[36m (0.6ms)[0m  [1mcommit transaction[0m
  [1m[35m (0.0ms)[0m  begin transaction
  [1m[36mSQL (0.2ms)[0m  [1mINSERT INTO "tags" ("name", "created_at", "updated_at") VALUES (?, ?, ?)[0m  [["name", "unsightly"], ["created_at", "2015-07-06 22:02:25.736773"], ["updated_at", "2015-07-06 22:02:25.736773"]]
  [1m[35m (0.6ms)[0m  commit transaction
  [1m[36m (0.1ms)[0m  [1mbegin transaction[0m
  [1m[35mSQL (0.2ms)[0m  INSERT INTO "tags" ("name", "created_at", "updated_at") VALUES (?, ?, ?)  [["name", "unusual"], ["created_at", "2015-07-06 22:02:25.738705"], ["updated_at", "2015-07-06 22:02:25.738705"]]
  [1m[36m (0.6ms)[0m  [1mcommit transaction[0m
  [1m[35m (0.1ms)[0m  begin transaction
  [1m[36mSQL (0.2ms)[0m  [1mINSERT INTO "tags" ("name", "created_at", "updated_at") VALUES (?, ?, ?)[0m  [["name", "upset"], ["created_at", "2015-07-06 22:02:25.740605"], ["updated_at", "2015-07-06 22:02:25.740605"]]
  [1m[35m (0.7ms)[0m  commit transaction
  [1m[36m (0.0ms)[0m  [1mbegin transaction[0m
  [1m[35mSQL (0.2ms)[0m  INSERT INTO "tags" ("name", "created_at", "updated_at") VALUES (?, ?, ?)  [["name", "uptight"], ["created_at", "2015-07-06 22:02:25.742452"], ["updated_at", "2015-07-06 22:02:25.742452"]]
  [1m[36m (0.8ms)[0m  [1mcommit transaction[0m
  [1m[35m (0.1ms)[0m  begin transaction
  [1m[36mSQL (0.2ms)[0m  [1mINSERT INTO "tags" ("name", "created_at", "updated_at") VALUES (?, ?, ?)[0m  [["name", "vast"], ["created_at", "2015-07-06 22:02:25.744590"], ["updated_at", "2015-07-06 22:02:25.744590"]]
  [1m[35m (0.7ms)[0m  commit transaction
  [1m[36m (0.0ms)[0m  [1mbegin transaction[0m
  [1m[35mSQL (0.2ms)[0m  INSERT INTO "tags" ("name", "created_at", "updated_at") VALUES (?, ?, ?)  [["name", "victorious"], ["created_at", "2015-07-06 22:02:25.746778"], ["updated_at", "2015-07-06 22:02:25.746778"]]
  [1m[36m (0.7ms)[0m  [1mcommit transaction[0m
  [1m[35m (0.0ms)[0m  begin transaction
  [1m[36mSQL (0.2ms)[0m  [1mINSERT INTO "tags" ("name", "created_at", "updated_at") VALUES (?, ?, ?)[0m  [["name", "vivacious"], ["created_at", "2015-07-06 22:02:25.748738"], ["updated_at", "2015-07-06 22:02:25.748738"]]
  [1m[35m (0.7ms)[0m  commit transaction
  [1m[36m (0.0ms)[0m  [1mbegin transaction[0m
  [1m[35mSQL (0.2ms)[0m  INSERT INTO "tags" ("name", "created_at", "updated_at") VALUES (?, ?, ?)  [["name", "wandering"], ["created_at", "2015-07-06 22:02:25.750784"], ["updated_at", "2015-07-06 22:02:25.750784"]]
  [1m[36m (0.7ms)[0m  [1mcommit transaction[0m
  [1m[35m (0.0ms)[0m  begin transaction
  [1m[36mSQL (0.2ms)[0m  [1mINSERT INTO "tags" ("name", "created_at", "updated_at") VALUES (?, ?, ?)[0m  [["name", "weary"], ["created_at", "2015-07-06 22:02:25.752713"], ["updated_at", "2015-07-06 22:02:25.752713"]]
  [1m[35m (0.7ms)[0m  commit transaction
  [1m[36m (0.0ms)[0m  [1mbegin transaction[0m
  [1m[35mSQL (0.2ms)[0m  INSERT INTO "tags" ("name", "created_at", "updated_at") VALUES (?, ?, ?)  [["name", "wicked"], ["created_at", "2015-07-06 22:02:25.754563"], ["updated_at", "2015-07-06 22:02:25.754563"]]
  [1m[36m (0.6ms)[0m  [1mcommit transaction[0m
  [1m[35m (0.0ms)[0m  begin transaction
  [1m[36mSQL (0.2ms)[0m  [1mINSERT INTO "tags" ("name", "created_at", "updated_at") VALUES (?, ?, ?)[0m  [["name", "wide-eyed"], ["created_at", "2015-07-06 22:02:25.756651"], ["updated_at", "2015-07-06 22:02:25.756651"]]
  [1m[35m (0.7ms)[0m  commit transaction
  [1m[36m (0.0ms)[0m  [1mbegin transaction[0m
  [1m[35mSQL (0.2ms)[0m  INSERT INTO "tags" ("name", "created_at", "updated_at") VALUES (?, ?, ?)  [["name", "wild"], ["created_at", "2015-07-06 22:02:25.758748"], ["updated_at", "2015-07-06 22:02:25.758748"]]
  [1m[36m (0.8ms)[0m  [1mcommit transaction[0m
  [1m[35m (0.0ms)[0m  begin transaction
  [1m[36mSQL (0.2ms)[0m  [1mINSERT INTO "tags" ("name", "created_at", "updated_at") VALUES (?, ?, ?)[0m  [["name", "witty"], ["created_at", "2015-07-06 22:02:25.760881"], ["updated_at", "2015-07-06 22:02:25.760881"]]
  [1m[35m (0.7ms)[0m  commit transaction
  [1m[36m (0.1ms)[0m  [1mbegin transaction[0m
  [1m[35mSQL (0.2ms)[0m  INSERT INTO "tags" ("name", "created_at", "updated_at") VALUES (?, ?, ?)  [["name", "worrisome"], ["created_at", "2015-07-06 22:02:25.763164"], ["updated_at", "2015-07-06 22:02:25.763164"]]
  [1m[36m (0.7ms)[0m  [1mcommit transaction[0m
  [1m[35m (0.0ms)[0m  begin transaction
  [1m[36mSQL (0.2ms)[0m  [1mINSERT INTO "tags" ("name", "created_at", "updated_at") VALUES (?, ?, ?)[0m  [["name", "worried"], ["created_at", "2015-07-06 22:02:25.765070"], ["updated_at", "2015-07-06 22:02:25.765070"]]
  [1m[35m (0.8ms)[0m  commit transaction
  [1m[36m (0.1ms)[0m  [1mbegin transaction[0m
  [1m[35mSQL (0.2ms)[0m  INSERT INTO "tags" ("name", "created_at", "updated_at") VALUES (?, ?, ?)  [["name", "wrong"], ["created_at", "2015-07-06 22:02:25.767445"], ["updated_at", "2015-07-06 22:02:25.767445"]]
  [1m[36m (0.7ms)[0m  [1mcommit transaction[0m
  [1m[35m (0.0ms)[0m  begin transaction
  [1m[36mSQL (0.2ms)[0m  [1mINSERT INTO "tags" ("name", "created_at", "updated_at") VALUES (?, ?, ?)[0m  [["name", "zany"], ["created_at", "2015-07-06 22:02:25.769546"], ["updated_at", "2015-07-06 22:02:25.769546"]]
  [1m[35m (0.7ms)[0m  commit transaction
  [1m[36m (0.0ms)[0m  [1mbegin transaction[0m
  [1m[35mSQL (0.2ms)[0m  INSERT INTO "tags" ("name", "created_at", "updated_at") VALUES (?, ?, ?)  [["name", "zealous"], ["created_at", "2015-07-06 22:02:25.771542"], ["updated_at", "2015-07-06 22:02:25.771542"]]
  [1m[36m (0.7ms)[0m  [1mcommit transaction[0m
  [1m[35m (0.1ms)[0m  begin transaction
  [1m[36mSQL (0.8ms)[0m  [1mINSERT INTO "users" ("name", "created_at", "updated_at") VALUES (?, ?, ?)[0m  [["name", "Crookshanks"], ["created_at", "2015-07-06 22:02:25.777539"], ["updated_at", "2015-07-06 22:02:25.777539"]]
  [1m[35m (0.8ms)[0m  commit transaction
  [1m[36m (0.0ms)[0m  [1mbegin transaction[0m
  [1m[35mSQL (0.2ms)[0m  INSERT INTO "tags" ("name", "created_at", "updated_at") VALUES (?, ?, ?)  [["name", "adorable"], ["created_at", "2015-07-06 22:02:25.780988"], ["updated_at", "2015-07-06 22:02:25.780988"]]
  [1m[36m (0.7ms)[0m  [1mcommit transaction[0m
  [1m[35m (0.1ms)[0m  begin transaction
  [1m[36mSQL (0.7ms)[0m  [1mINSERT INTO "posts" ("user_id", "name", "content", "created_at", "updated_at") VALUES (?, ?, ?, ?, ?)[0m  [["user_id", 1], ["name", "Kittens!"], ["content", "Kitty ipsum dolor sit amet, climb the curtains hairball lay down in your way rip the couch sunbathe, jump on the table stuck in a tree leap lay down in your way bat. Sleep on your keyboard puking catnip chuf, zzz purr hairball claw give me fish I don't like that food sunbathe. Knock over the lamp hiss knock over the lamp stuck in a tree give me fish, meow judging you biting climb the curtains sleep on your face sunbathe sleep on your face. Biting fluffy fur knock over the lamp zzz jump, scratched purr chuf eat the grass judging you sleep on your keyboard. Biting knock over the lamp knock over the lamp feed me, meow sleep in the sink catnip kittens sleep on your face attack. Judging you stuck in a tree zzz bat stuck in a tree puking, fluffy fur sleep on your keyboard kittens jump biting chase the red dot."], ["created_at", "2015-07-06 22:02:25.791989"], ["updated_at", "2015-07-06 22:02:25.791989"]]
  [1m[35m (0.7ms)[0m  commit transaction
  [1m[36m (0.0ms)[0m  [1mbegin transaction[0m
  [1m[35mSQL (0.5ms)[0m  INSERT INTO "post_tags" ("tag_id", "post_id", "created_at", "updated_at") VALUES (?, ?, ?, ?)  [["tag_id", 227], ["post_id", 1], ["created_at", "2015-07-06 22:02:25.799839"], ["updated_at", "2015-07-06 22:02:25.799839"]]
  [1m[36m (0.7ms)[0m  [1mcommit transaction[0m
